Vivado Simulator v2025.1.0
Copyright 1986-2022 Xilinx, Inc. All Rights Reserved.
Copyright 2022-2025 Advanced Micro Devices, Inc. All Rights Reserved.
Running: /home/minami/tools/xilinx/2025.1/Vivado/bin/unwrapped/lnx64.o/xelab --incr --debug typical --relax --mt 8 -L xil_defaultlib -L uvm -L unisims_ver -L unimacro_ver -L secureip --snapshot tb_hamming_logic_decoder_behav xil_defaultlib.tb_hamming_logic_decoder xil_defaultlib.glbl -log elaborate.log 
Using 8 slave threads.
WARNING: [XSIM 43-3431] One or more environment variables have been detected which affect the operation of the C compiler. These are typically not set in standard installations and are not tested by AMD, however they may be appropriate for your system, so the flow will attempt to continue.  If errors occur, try running xelab with the "-mt off -v 1" switches to see more information from the C compiler. The following environment variables have been detected:
Starting static elaboration
Pass Through NonSizing Optimizer
WARNING: [VRFC 10-3818] variable 'a_reg' is driven by invalid combination of procedural drivers [/home/minami/Coding_IPDesign/IP_lecture/hamming_logic/hamming_decoder.sv:13]
WARNING: [VRFC 10-2921] 'a_reg' driven by this always_ff block should not be driven by any other process [/home/minami/Coding_IPDesign/IP_lecture/hamming_logic/hamming_decoder.sv:63]
WARNING: [VRFC 10-3818] variable 'b_reg' is driven by invalid combination of procedural drivers [/home/minami/Coding_IPDesign/IP_lecture/hamming_logic/hamming_decoder.sv:14]
WARNING: [VRFC 10-2921] 'b_reg' driven by this always_ff block should not be driven by any other process [/home/minami/Coding_IPDesign/IP_lecture/hamming_logic/hamming_decoder.sv:94]
WARNING: [VRFC 10-3818] variable 'cnt' is driven by invalid combination of procedural drivers [/home/minami/Coding_IPDesign/IP_lecture/hamming_logic/hamming_decoder.sv:15]
WARNING: [VRFC 10-2921] 'cnt' driven by this always_ff block should not be driven by any other process [/home/minami/Coding_IPDesign/IP_lecture/hamming_logic/hamming_decoder.sv:27]
WARNING: [VRFC 10-3818] variable 'done' is driven by invalid combination of procedural drivers [/home/minami/Coding_IPDesign/IP_lecture/hamming_logic/hamming_decoder.sv:17]
WARNING: [VRFC 10-2921] 'done' driven by this always_ff block should not be driven by any other process [/home/minami/Coding_IPDesign/IP_lecture/hamming_logic/hamming_decoder.sv:55]
WARNING: [VRFC 10-3818] variable 'flag' is driven by invalid combination of procedural drivers [/home/minami/Coding_IPDesign/IP_lecture/hamming_logic/hamming_decoder.sv:16]
WARNING: [VRFC 10-2921] 'flag' driven by this always_ff block should not be driven by any other process [/home/minami/Coding_IPDesign/IP_lecture/hamming_logic/hamming_decoder.sv:48]
WARNING: [VRFC 10-3818] variable 'o_available_reg' is driven by invalid combination of procedural drivers [/home/minami/Coding_IPDesign/IP_lecture/hamming_logic/hamming_decoder.sv:18]
WARNING: [VRFC 10-2921] 'o_available_reg' driven by this always_ff block should not be driven by any other process [/home/minami/Coding_IPDesign/IP_lecture/hamming_logic/hamming_decoder.sv:41]
Completed static elaboration
Starting simulation data flow analysis
WARNING: [XSIM 43-4100] "/home/minami/Coding_IPDesign/IP_lecture/hamming_logic/hamming_logic_decoder/hamming_logic_decoder.sim/sim_1/behav/xsim/glbl.v" Line 6. Module glbl has a timescale but at least one module in design doesn't have timescale.
WARNING: [XSIM 43-4100] "/home/minami/Coding_IPDesign/IP_lecture/hamming_logic/hamming_logic_decoder/hamming_logic_decoder.sim/sim_1/behav/xsim/glbl.v" Line 6. Module glbl has a timescale but at least one module in design doesn't have timescale.
Completed simulation data flow analysis
Time Resolution for simulation is 1ps
Compiling module xil_defaultlib.hamming_logic_decoder
Compiling module xil_defaultlib.tb_hamming_logic_decoder
Compiling module xil_defaultlib.glbl
Built simulation snapshot tb_hamming_logic_decoder_behav
