Info: Read atom netlist
Info: Generating FPGA Xchange file /home/minami/Coding_IPDesign/IP_lecture/cache_mem/cache_sramproj_quartus/board/fpgaxchange/cache_top.fx
Info: Atom 1144 (o_cpu_rdata[0]) has key 'output,2.5 V,Default,Series 50 Ohm without Calibration,--,FAST,0,--,0,--,--'
Info: Atom 1146 (o_cpu_rdata[1]) has key 'output,2.5 V,Default,Series 50 Ohm without Calibration,--,FAST,0,--,0,--,--'
Info: Atom 1148 (o_cpu_rdata[2]) has key 'output,2.5 V,Default,Series 50 Ohm without Calibration,--,FAST,0,--,0,--,--'
Info: Atom 1150 (o_cpu_rdata[3]) has key 'output,2.5 V,Default,Series 50 Ohm without Calibration,--,FAST,0,--,0,--,--'
Info: Atom 1152 (o_cpu_rdata[4]) has key 'output,2.5 V,Default,Series 50 Ohm without Calibration,--,FAST,0,--,0,--,--'
Info: Atom 1154 (o_cpu_rdata[5]) has key 'output,2.5 V,Default,Series 50 Ohm without Calibration,--,FAST,0,--,0,--,--'
Info: Atom 1156 (o_cpu_rdata[6]) has key 'output,2.5 V,Default,Series 50 Ohm without Calibration,--,FAST,0,--,0,--,--'
Info: Atom 1158 (o_cpu_rdata[7]) has key 'output,2.5 V,Default,Series 50 Ohm without Calibration,--,FAST,0,--,0,--,--'
Info: Atom 1160 (o_cpu_rdata[8]) has key 'output,2.5 V,Default,Series 50 Ohm without Calibration,--,FAST,0,--,0,--,--'
Info: Atom 1162 (o_cpu_rdata[9]) has key 'output,2.5 V,Default,Series 50 Ohm without Calibration,--,FAST,0,--,0,--,--'
Info: Atom 1164 (o_cpu_rdata[10]) has key 'output,2.5 V,Default,Series 50 Ohm without Calibration,--,FAST,0,--,0,--,--'
Info: Atom 1166 (o_cpu_rdata[11]) has key 'output,2.5 V,Default,Series 50 Ohm without Calibration,--,FAST,0,--,0,--,--'
Info: Atom 1168 (o_cpu_rdata[12]) has key 'output,2.5 V,Default,Series 50 Ohm without Calibration,--,FAST,0,--,0,--,--'
Info: Atom 1170 (o_cpu_rdata[13]) has key 'output,2.5 V,Default,Series 50 Ohm without Calibration,--,FAST,0,--,0,--,--'
Info: Atom 1172 (o_cpu_rdata[14]) has key 'output,2.5 V,Default,Series 50 Ohm without Calibration,--,FAST,0,--,0,--,--'
Info: Atom 1174 (o_cpu_rdata[15]) has key 'output,2.5 V,Default,Series 50 Ohm without Calibration,--,FAST,0,--,0,--,--'
Info: Atom 1176 (o_cpu_rdata[16]) has key 'output,2.5 V,Default,Series 50 Ohm without Calibration,--,FAST,0,--,0,--,--'
Info: Atom 1178 (o_cpu_rdata[17]) has key 'output,2.5 V,Default,Series 50 Ohm without Calibration,--,FAST,0,--,0,--,--'
Info: Atom 1180 (o_cpu_rdata[18]) has key 'output,2.5 V,Default,Series 50 Ohm without Calibration,--,FAST,0,--,0,--,--'
Info: Atom 1182 (o_cpu_rdata[19]) has key 'output,2.5 V,Default,Series 50 Ohm without Calibration,--,FAST,0,--,0,--,--'
Info: Atom 1184 (o_cpu_rdata[20]) has key 'output,2.5 V,Default,Series 50 Ohm without Calibration,--,FAST,0,--,0,--,--'
Info: Atom 1186 (o_cpu_rdata[21]) has key 'output,2.5 V,Default,Series 50 Ohm without Calibration,--,FAST,0,--,0,--,--'
Info: Atom 1188 (o_cpu_rdata[22]) has key 'output,2.5 V,Default,Series 50 Ohm without Calibration,--,FAST,0,--,0,--,--'
Info: Atom 1190 (o_cpu_rdata[23]) has key 'output,2.5 V,Default,Series 50 Ohm without Calibration,--,FAST,0,--,0,--,--'
Info: Atom 1192 (o_cpu_rdata[24]) has key 'output,2.5 V,Default,Series 50 Ohm without Calibration,--,FAST,0,--,0,--,--'
Info: Atom 1194 (o_cpu_rdata[25]) has key 'output,2.5 V,Default,Series 50 Ohm without Calibration,--,FAST,0,--,0,--,--'
Info: Atom 1196 (o_cpu_rdata[26]) has key 'output,2.5 V,Default,Series 50 Ohm without Calibration,--,FAST,0,--,0,--,--'
Info: Atom 1198 (o_cpu_rdata[27]) has key 'output,2.5 V,Default,Series 50 Ohm without Calibration,--,FAST,0,--,0,--,--'
Info: Atom 1200 (o_cpu_rdata[28]) has key 'output,2.5 V,Default,Series 50 Ohm without Calibration,--,FAST,0,--,0,--,--'
Info: Atom 1202 (o_cpu_rdata[29]) has key 'output,2.5 V,Default,Series 50 Ohm without Calibration,--,FAST,0,--,0,--,--'
Info: Atom 1204 (o_cpu_rdata[30]) has key 'output,2.5 V,Default,Series 50 Ohm without Calibration,--,FAST,0,--,0,--,--'
Info: Atom 1206 (o_cpu_rdata[31]) has key 'output,2.5 V,Default,Series 50 Ohm without Calibration,--,FAST,0,--,0,--,--'
Info: Atom 1208 (i_mem_raddr[4]) has key 'input,2.5 V,--,--,Off,--,0,--,0,--,--'
Info: Atom 1210 (i_mem_raddr[5]) has key 'input,2.5 V,--,--,Off,--,0,--,0,--,--'
Info: Atom 1212 (i_mem_raddr[6]) has key 'input,2.5 V,--,--,Off,--,0,--,0,--,--'
Info: Atom 1214 (i_mem_raddr[7]) has key 'input,2.5 V,--,--,Off,--,0,--,0,--,--'
Info: Atom 1216 (o_mem_wdata[0]) has key 'output,2.5 V,Default,Series 50 Ohm without Calibration,--,FAST,0,--,0,--,--'
Info: Atom 1218 (o_mem_wdata[1]) has key 'output,2.5 V,Default,Series 50 Ohm without Calibration,--,FAST,0,--,0,--,--'
Info: Atom 1220 (o_mem_wdata[2]) has key 'output,2.5 V,Default,Series 50 Ohm without Calibration,--,FAST,0,--,0,--,--'
Info: Atom 1222 (o_mem_wdata[3]) has key 'output,2.5 V,Default,Series 50 Ohm without Calibration,--,FAST,0,--,0,--,--'
Info: Atom 1224 (o_mem_wdata[4]) has key 'output,2.5 V,Default,Series 50 Ohm without Calibration,--,FAST,0,--,0,--,--'
Info: Atom 1226 (o_mem_wdata[5]) has key 'output,2.5 V,Default,Series 50 Ohm without Calibration,--,FAST,0,--,0,--,--'
Info: Atom 1228 (o_mem_wdata[6]) has key 'output,2.5 V,Default,Series 50 Ohm without Calibration,--,FAST,0,--,0,--,--'
Info: Atom 1230 (o_mem_wdata[7]) has key 'output,2.5 V,Default,Series 50 Ohm without Calibration,--,FAST,0,--,0,--,--'
Info: Atom 1232 (o_mem_wdata[8]) has key 'output,2.5 V,Default,Series 50 Ohm without Calibration,--,FAST,0,--,0,--,--'
Info: Atom 1234 (o_mem_wdata[9]) has key 'output,2.5 V,Default,Series 50 Ohm without Calibration,--,FAST,0,--,0,--,--'
Info: Atom 1236 (o_mem_wdata[10]) has key 'output,2.5 V,Default,Series 50 Ohm without Calibration,--,FAST,0,--,0,--,--'
Info: Atom 1238 (o_mem_wdata[11]) has key 'output,2.5 V,Default,Series 50 Ohm without Calibration,--,FAST,0,--,0,--,--'
Info: Atom 1240 (o_mem_wdata[12]) has key 'output,2.5 V,Default,Series 50 Ohm without Calibration,--,FAST,0,--,0,--,--'
Info: Atom 1242 (o_mem_wdata[13]) has key 'output,2.5 V,Default,Series 50 Ohm without Calibration,--,FAST,0,--,0,--,--'
Info: Atom 1244 (o_mem_wdata[14]) has key 'output,2.5 V,Default,Series 50 Ohm without Calibration,--,FAST,0,--,0,--,--'
Info: Atom 1246 (o_mem_wdata[15]) has key 'output,2.5 V,Default,Series 50 Ohm without Calibration,--,FAST,0,--,0,--,--'
Info: Atom 1248 (o_mem_wdata[16]) has key 'output,2.5 V,Default,Series 50 Ohm without Calibration,--,FAST,0,--,0,--,--'
Info: Atom 1250 (o_mem_wdata[17]) has key 'output,2.5 V,Default,Series 50 Ohm without Calibration,--,FAST,0,--,0,--,--'
Info: Atom 1252 (o_mem_wdata[18]) has key 'output,2.5 V,Default,Series 50 Ohm without Calibration,--,FAST,0,--,0,--,--'
Info: Atom 1254 (o_mem_wdata[19]) has key 'output,2.5 V,Default,Series 50 Ohm without Calibration,--,FAST,0,--,0,--,--'
Info: Atom 1256 (o_mem_wdata[20]) has key 'output,2.5 V,Default,Series 50 Ohm without Calibration,--,FAST,0,--,0,--,--'
Info: Atom 1258 (o_mem_wdata[21]) has key 'output,2.5 V,Default,Series 50 Ohm without Calibration,--,FAST,0,--,0,--,--'
Info: Atom 1260 (o_mem_wdata[22]) has key 'output,2.5 V,Default,Series 50 Ohm without Calibration,--,FAST,0,--,0,--,--'
Info: Atom 1262 (o_mem_wdata[23]) has key 'output,2.5 V,Default,Series 50 Ohm without Calibration,--,FAST,0,--,0,--,--'
Info: Atom 1264 (o_mem_wdata[24]) has key 'output,2.5 V,Default,Series 50 Ohm without Calibration,--,FAST,0,--,0,--,--'
Info: Atom 1266 (o_mem_wdata[25]) has key 'output,2.5 V,Default,Series 50 Ohm without Calibration,--,FAST,0,--,0,--,--'
Info: Atom 1268 (o_mem_wdata[26]) has key 'output,2.5 V,Default,Series 50 Ohm without Calibration,--,FAST,0,--,0,--,--'
Info: Atom 1270 (o_mem_wdata[27]) has key 'output,2.5 V,Default,Series 50 Ohm without Calibration,--,FAST,0,--,0,--,--'
Info: Atom 1272 (o_mem_wdata[28]) has key 'output,2.5 V,Default,Series 50 Ohm without Calibration,--,FAST,0,--,0,--,--'
Info: Atom 1274 (o_mem_wdata[29]) has key 'output,2.5 V,Default,Series 50 Ohm without Calibration,--,FAST,0,--,0,--,--'
Info: Atom 1276 (o_mem_wdata[30]) has key 'output,2.5 V,Default,Series 50 Ohm without Calibration,--,FAST,0,--,0,--,--'
Info: Atom 1278 (o_mem_wdata[31]) has key 'output,2.5 V,Default,Series 50 Ohm without Calibration,--,FAST,0,--,0,--,--'
Info: Atom 1280 (o_mem_waddr[0]) has key 'output,2.5 V,Default,Series 50 Ohm without Calibration,--,FAST,0,--,0,--,--'
Info: Atom 1282 (o_mem_waddr[1]) has key 'output,2.5 V,Default,Series 50 Ohm without Calibration,--,FAST,0,--,0,--,--'
Info: Atom 1284 (o_mem_waddr[2]) has key 'output,2.5 V,Default,Series 50 Ohm without Calibration,--,FAST,0,--,0,--,--'
Info: Atom 1286 (o_mem_waddr[3]) has key 'output,2.5 V,Default,Series 50 Ohm without Calibration,--,FAST,0,--,0,--,--'
Info: Atom 1288 (o_mem_waddr[4]) has key 'output,2.5 V,Default,Series 50 Ohm without Calibration,--,FAST,0,--,0,--,--'
Info: Atom 1290 (o_mem_waddr[5]) has key 'output,2.5 V,Default,Series 50 Ohm without Calibration,--,FAST,0,--,0,--,--'
Info: Atom 1292 (o_mem_waddr[6]) has key 'output,2.5 V,Default,Series 50 Ohm without Calibration,--,FAST,0,--,0,--,--'
Info: Atom 1294 (o_mem_waddr[7]) has key 'output,2.5 V,Default,Series 50 Ohm without Calibration,--,FAST,0,--,0,--,--'
Info: Atom 1296 (i_cpu_wdata[0]) has key 'input,2.5 V,--,--,Off,--,0,--,0,--,--'
Info: Atom 1298 (i_cpu_wdata[1]) has key 'input,2.5 V,--,--,Off,--,0,--,0,--,--'
Info: Atom 1300 (i_cpu_wdata[2]) has key 'input,2.5 V,--,--,Off,--,0,--,0,--,--'
Info: Atom 1302 (i_cpu_wdata[3]) has key 'input,2.5 V,--,--,Off,--,0,--,0,--,--'
Info: Atom 1304 (i_cpu_wdata[4]) has key 'input,2.5 V,--,--,Off,--,0,--,0,--,--'
Info: Atom 1306 (i_cpu_wdata[5]) has key 'input,2.5 V,--,--,Off,--,0,--,0,--,--'
Info: Atom 1308 (i_cpu_wdata[6]) has key 'input,2.5 V,--,--,Off,--,0,--,0,--,--'
Info: Atom 1310 (i_cpu_wdata[7]) has key 'input,2.5 V,--,--,Off,--,0,--,0,--,--'
Info: Atom 1312 (i_cpu_wdata[8]) has key 'input,2.5 V,--,--,Off,--,0,--,0,--,--'
Info: Atom 1314 (i_cpu_wdata[9]) has key 'input,2.5 V,--,--,Off,--,0,--,0,--,--'
Info: Atom 1316 (i_cpu_wdata[10]) has key 'input,2.5 V,--,--,Off,--,0,--,0,--,--'
Info: Atom 1318 (i_cpu_wdata[11]) has key 'input,2.5 V,--,--,Off,--,0,--,0,--,--'
Info: Atom 1320 (i_cpu_wdata[12]) has key 'input,2.5 V,--,--,Off,--,0,--,0,--,--'
Info: Atom 1322 (i_cpu_wdata[13]) has key 'input,2.5 V,--,--,Off,--,0,--,0,--,--'
Info: Atom 1324 (i_cpu_wdata[14]) has key 'input,2.5 V,--,--,Off,--,0,--,0,--,--'
Info: Atom 1326 (i_cpu_wdata[15]) has key 'input,2.5 V,--,--,Off,--,0,--,0,--,--'
Info: Atom 1328 (i_cpu_wdata[16]) has key 'input,2.5 V,--,--,Off,--,0,--,0,--,--'
Info: Atom 1330 (i_cpu_wdata[17]) has key 'input,2.5 V,--,--,Off,--,0,--,0,--,--'
Info: Atom 1332 (i_cpu_wdata[18]) has key 'input,2.5 V,--,--,Off,--,0,--,0,--,--'
Info: Atom 1334 (i_cpu_wdata[19]) has key 'input,2.5 V,--,--,Off,--,0,--,0,--,--'
Info: Atom 1336 (i_cpu_wdata[20]) has key 'input,2.5 V,--,--,Off,--,0,--,0,--,--'
Info: Atom 1338 (i_cpu_wdata[21]) has key 'input,2.5 V,--,--,Off,--,0,--,0,--,--'
Info: Atom 1340 (i_cpu_wdata[22]) has key 'input,2.5 V,--,--,Off,--,0,--,0,--,--'
Info: Atom 1342 (i_cpu_wdata[23]) has key 'input,2.5 V,--,--,Off,--,0,--,0,--,--'
Info: Atom 1344 (i_cpu_wdata[24]) has key 'input,2.5 V,--,--,Off,--,0,--,0,--,--'
Info: Atom 1346 (i_cpu_wdata[25]) has key 'input,2.5 V,--,--,Off,--,0,--,0,--,--'
Info: Atom 1348 (i_cpu_wdata[26]) has key 'input,2.5 V,--,--,Off,--,0,--,0,--,--'
Info: Atom 1350 (i_cpu_wdata[27]) has key 'input,2.5 V,--,--,Off,--,0,--,0,--,--'
Info: Atom 1352 (i_cpu_wdata[28]) has key 'input,2.5 V,--,--,Off,--,0,--,0,--,--'
Info: Atom 1354 (i_cpu_wdata[29]) has key 'input,2.5 V,--,--,Off,--,0,--,0,--,--'
Info: Atom 1356 (i_cpu_wdata[30]) has key 'input,2.5 V,--,--,Off,--,0,--,0,--,--'
Info: Atom 1358 (i_cpu_wdata[31]) has key 'input,2.5 V,--,--,Off,--,0,--,0,--,--'
Info: Atom 1360 (i_mem_rdata[0]) has key 'input,2.5 V,--,--,Off,--,0,--,0,--,--'
Info: Atom 1362 (i_mem_ack) has key 'input,2.5 V,--,--,Off,--,0,--,0,--,--'
Info: Atom 1364 (i_mem_rdata[1]) has key 'input,2.5 V,--,--,Off,--,0,--,0,--,--'
Info: Atom 1366 (i_mem_rdata[2]) has key 'input,2.5 V,--,--,Off,--,0,--,0,--,--'
Info: Atom 1368 (i_mem_rdata[3]) has key 'input,2.5 V,--,--,Off,--,0,--,0,--,--'
Info: Atom 1370 (i_mem_rdata[4]) has key 'input,2.5 V,--,--,Off,--,0,--,0,--,--'
Info: Atom 1372 (i_mem_rdata[5]) has key 'input,2.5 V,--,--,Off,--,0,--,0,--,--'
Info: Atom 1374 (i_mem_rdata[6]) has key 'input,2.5 V,--,--,Off,--,0,--,0,--,--'
Info: Atom 1376 (i_mem_rdata[7]) has key 'input,2.5 V,--,--,Off,--,0,--,0,--,--'
Info: Atom 1378 (i_mem_rdata[8]) has key 'input,2.5 V,--,--,Off,--,0,--,0,--,--'
Info: Atom 1380 (i_mem_rdata[9]) has key 'input,2.5 V,--,--,Off,--,0,--,0,--,--'
Info: Atom 1382 (i_mem_rdata[10]) has key 'input,2.5 V,--,--,Off,--,0,--,0,--,--'
Info: Atom 1384 (i_mem_rdata[11]) has key 'input,2.5 V,--,--,Off,--,0,--,0,--,--'
Info: Atom 1386 (i_mem_rdata[12]) has key 'input,2.5 V,--,--,Off,--,0,--,0,--,--'
Info: Atom 1388 (i_mem_rdata[13]) has key 'input,2.5 V,--,--,Off,--,0,--,0,--,--'
Info: Atom 1390 (i_mem_rdata[14]) has key 'input,2.5 V,--,--,Off,--,0,--,0,--,--'
Info: Atom 1392 (i_mem_rdata[15]) has key 'input,2.5 V,--,--,Off,--,0,--,0,--,--'
Info: Atom 1394 (i_mem_rdata[16]) has key 'input,2.5 V,--,--,Off,--,0,--,0,--,--'
Info: Atom 1396 (i_mem_rdata[17]) has key 'input,2.5 V,--,--,Off,--,0,--,0,--,--'
Info: Atom 1398 (i_mem_rdata[18]) has key 'input,2.5 V,--,--,Off,--,0,--,0,--,--'
Info: Atom 1400 (i_mem_rdata[19]) has key 'input,2.5 V,--,--,Off,--,0,--,0,--,--'
Info: Atom 1402 (i_mem_rdata[20]) has key 'input,2.5 V,--,--,Off,--,0,--,0,--,--'
Info: Atom 1404 (i_mem_rdata[21]) has key 'input,2.5 V,--,--,Off,--,0,--,0,--,--'
Info: Atom 1406 (i_mem_rdata[22]) has key 'input,2.5 V,--,--,Off,--,0,--,0,--,--'
Info: Atom 1408 (i_mem_rdata[23]) has key 'input,2.5 V,--,--,Off,--,0,--,0,--,--'
Info: Atom 1410 (i_mem_rdata[24]) has key 'input,2.5 V,--,--,Off,--,0,--,0,--,--'
Info: Atom 1412 (i_mem_rdata[25]) has key 'input,2.5 V,--,--,Off,--,0,--,0,--,--'
Info: Atom 1414 (i_mem_rdata[26]) has key 'input,2.5 V,--,--,Off,--,0,--,0,--,--'
Info: Atom 1416 (i_mem_rdata[27]) has key 'input,2.5 V,--,--,Off,--,0,--,0,--,--'
Info: Atom 1418 (i_mem_rdata[28]) has key 'input,2.5 V,--,--,Off,--,0,--,0,--,--'
Info: Atom 1420 (i_mem_rdata[29]) has key 'input,2.5 V,--,--,Off,--,0,--,0,--,--'
Info: Atom 1422 (i_mem_rdata[30]) has key 'input,2.5 V,--,--,Off,--,0,--,0,--,--'
Info: Atom 1424 (i_mem_rdata[31]) has key 'input,2.5 V,--,--,Off,--,0,--,0,--,--'
Info: Atom 1426 (i_cpu_addr[0]) has key 'input,2.5 V,--,--,Off,--,0,--,0,--,--'
Info: Atom 1428 (i_cpu_addr[1]) has key 'input,2.5 V,--,--,Off,--,0,--,0,--,--'
Info: Atom 1430 (i_cpu_addr[2]) has key 'input,2.5 V,--,--,Off,--,0,--,0,--,--'
Info: Atom 1432 (i_cpu_addr[3]) has key 'input,2.5 V,--,--,Off,--,0,--,0,--,--'
Info: Atom 1434 (i_cpu_addr[4]) has key 'input,2.5 V,--,--,Off,--,0,--,0,--,--'
Info: Atom 1436 (i_cpu_addr[5]) has key 'input,2.5 V,--,--,Off,--,0,--,0,--,--'
Info: Atom 1438 (i_cpu_addr[6]) has key 'input,2.5 V,--,--,Off,--,0,--,0,--,--'
Info: Atom 1440 (i_cpu_addr[7]) has key 'input,2.5 V,--,--,Off,--,0,--,0,--,--'
Info: Atom 1442 (rst_n) has key 'input,2.5 V,--,--,Off,--,0,--,0,--,--'
Info: Atom 1444 (i_cpu_req) has key 'input,2.5 V,--,--,Off,--,0,--,0,--,--'
Info: Atom 1446 (i_cpu_write) has key 'input,2.5 V,--,--,Off,--,0,--,0,--,--'
Info: Atom 1448 (clk) has key 'input,2.5 V,--,--,Off,--,0,--,0,--,--'
Info: Atom 1450 (i_mem_raddr[2]) has key 'input,2.5 V,--,--,Off,--,0,--,0,--,--'
Info: Atom 1452 (i_mem_raddr[3]) has key 'input,2.5 V,--,--,Off,--,0,--,0,--,--'
Info: Atom 1454 (i_mem_raddr[0]) has key 'input,2.5 V,--,--,Off,--,0,--,0,--,--'
Info: Atom 1456 (i_mem_raddr[1]) has key 'input,2.5 V,--,--,Off,--,0,--,0,--,--'
Info: FPGA Xchange file /home/minami/Coding_IPDesign/IP_lecture/cache_mem/cache_sramproj_quartus/board/fpgaxchange/cache_top.fx generated successfully
