Vivado Simulator v2025.1.0
Copyright 1986-2022 Xilinx, Inc. All Rights Reserved.
Copyright 2022-2025 Advanced Micro Devices, Inc. All Rights Reserved.
Running: /home/minami/tools/xilinx/2025.1/Vivado/bin/unwrapped/lnx64.o/xelab --incr --debug typical --relax --mt 8 -L xil_defaultlib -L uvm -L unisims_ver -L unimacro_ver -L secureip --snapshot tb_mem_stage_behav xil_defaultlib.tb_mem_stage xil_defaultlib.glbl -log elaborate.log 
Using 8 slave threads.
WARNING: [XSIM 43-3431] One or more environment variables have been detected which affect the operation of the C compiler. These are typically not set in standard installations and are not tested by AMD, however they may be appropriate for your system, so the flow will attempt to continue.  If errors occur, try running xelab with the "-mt off -v 1" switches to see more information from the C compiler. The following environment variables have been detected:
Starting static elaboration
Pass Through NonSizing Optimizer
Completed static elaboration
Starting simulation data flow analysis
WARNING: [XSIM 43-4099] "/home/minami/Coding_IPDesign/IP_lecture/RISCV32bit/Project_folder/MEM/Mem_stage.sv" Line 7. Module mem_wrapper doesn't have a timescale but at least one module in design has a timescale.
WARNING: [XSIM 43-4099] "/home/minami/Coding_IPDesign/IP_lecture/RISCV32bit/Project_folder/MEM/Mem_stage.sv" Line 163. Module data_mem doesn't have a timescale but at least one module in design has a timescale.
WARNING: [XSIM 43-4099] "/home/minami/Coding_IPDesign/IP_lecture/RISCV32bit/Project_folder/MEM/Mem_stage.sv" Line 210. Module in3_mux doesn't have a timescale but at least one module in design has a timescale.
WARNING: [XSIM 43-4099] "/home/minami/Coding_IPDesign/IP_lecture/RISCV32bit/Project_folder/MEM/Mem_stage.sv" Line 7. Module mem_wrapper doesn't have a timescale but at least one module in design has a timescale.
WARNING: [XSIM 43-4099] "/home/minami/Coding_IPDesign/IP_lecture/RISCV32bit/Project_folder/MEM/Mem_stage.sv" Line 163. Module data_mem doesn't have a timescale but at least one module in design has a timescale.
WARNING: [XSIM 43-4099] "/home/minami/Coding_IPDesign/IP_lecture/RISCV32bit/Project_folder/MEM/Mem_stage.sv" Line 210. Module in3_mux doesn't have a timescale but at least one module in design has a timescale.
Completed simulation data flow analysis
Time Resolution for simulation is 1ps
Compiling module xil_defaultlib.data_mem
Compiling module xil_defaultlib.in3_mux
Compiling module xil_defaultlib.mem_wrapper
Compiling module xil_defaultlib.tb_mem_stage
Compiling module xil_defaultlib.glbl
Built simulation snapshot tb_mem_stage_behav
