Flow report for cache_top
Sun Feb  8 12:00:56 2026
Quartus Prime Version 25.1std.0 Build 1129 10/21/2025 SC Lite Edition


---------------------
; Table of Contents ;
---------------------
  1. Legal Notice
  2. Flow Summary
  3. Flow Settings
  4. Flow Non-Default Global Settings
  5. Flow Elapsed Time
  6. Flow OS Summary
  7. Flow Log
  8. Flow Messages
  9. Flow Suppressed Messages



----------------
; Legal Notice ;
----------------
Copyright (C) 2025  Altera Corporation. All rights reserved.
Your use of Altera Corporation's design tools, logic functions 
and other software and tools, and any partner logic 
functions, and any output files from any of the foregoing 
(including device programming or simulation files), and any 
associated documentation or information are expressly subject 
to the terms and conditions of the Altera Program License 
Subscription Agreement, the Altera Quartus Prime License Agreement,
the Altera IP License Agreement, or other applicable license
agreement, including, without limitation, that your use is for
the sole purpose of programming logic devices manufactured by
Altera and sold by Altera or its authorized distributors.  Please
refer to the Altera Software License Subscription Agreements 
on the Quartus Prime software download page.



+-----------------------------------------------------------------------------------+
; Flow Summary                                                                      ;
+---------------------------------+-------------------------------------------------+
; Flow Status                     ; Successful - Sun Feb  8 12:00:56 2026           ;
; Quartus Prime Version           ; 25.1std.0 Build 1129 10/21/2025 SC Lite Edition ;
; Revision Name                   ; cache_top                                       ;
; Top-level Entity Name           ; cache_256B                                      ;
; Family                          ; Cyclone V                                       ;
; Device                          ; 5CGXFC9A6U19C7                                  ;
; Timing Models                   ; Final                                           ;
; Logic utilization (in ALMs)     ; 351 / 113,560 ( < 1 % )                         ;
; Total registers                 ; 630                                             ;
; Total pins                      ; 157 / 264 ( 59 % )                              ;
; Total virtual pins              ; 0                                               ;
; Total block memory bits         ; 0 / 12,492,800 ( 0 % )                          ;
; Total DSP Blocks                ; 0 / 342 ( 0 % )                                 ;
; Total HSSI RX PCSs              ; 0 / 5 ( 0 % )                                   ;
; Total HSSI PMA RX Deserializers ; 0 / 5 ( 0 % )                                   ;
; Total HSSI TX PCSs              ; 0 / 5 ( 0 % )                                   ;
; Total HSSI PMA TX Serializers   ; 0 / 5 ( 0 % )                                   ;
; Total PLLs                      ; 0 / 13 ( 0 % )                                  ;
; Total DLLs                      ; 0 / 4 ( 0 % )                                   ;
+---------------------------------+-------------------------------------------------+


+-----------------------------------------+
; Flow Settings                           ;
+-------------------+---------------------+
; Option            ; Setting             ;
+-------------------+---------------------+
; Start date & time ; 02/08/2026 11:30:17 ;
; Main task         ; Compilation         ;
; Revision Name     ; cache_top           ;
+-------------------+---------------------+


+------------------------------------------------------------------------------------------------------------------------------------------------+
; Flow Non-Default Global Settings                                                                                                               ;
+-------------------------------------+----------------------------------------+---------------+-------------+-----------------------------------+
; Assignment Name                     ; Value                                  ; Default Value ; Entity Name ; Section Id                        ;
+-------------------------------------+----------------------------------------+---------------+-------------+-----------------------------------+
; COMPILER_SIGNATURE_ID               ; 206863104392984.177055021761510        ; --            ; --          ; --                                ;
; EDA_BOARD_DESIGN_SYMBOL_TOOL        ; FPGA Xchange (Symbol)                  ; <None>        ; --          ; --                                ;
; EDA_BOARD_DESIGN_TIMING_TOOL        ; Stamp (Timing)                         ; <None>        ; --          ; --                                ;
; EDA_GENERATE_FUNCTIONAL_NETLIST     ; Off                                    ; --            ; --          ; eda_board_design_timing           ;
; EDA_GENERATE_FUNCTIONAL_NETLIST     ; Off                                    ; --            ; --          ; eda_board_design_boundary_scan    ;
; EDA_GENERATE_FUNCTIONAL_NETLIST     ; Off                                    ; --            ; --          ; eda_board_design_signal_integrity ;
; EDA_GENERATE_FUNCTIONAL_NETLIST     ; Off                                    ; --            ; --          ; eda_board_design_symbol           ;
; EDA_OUTPUT_DATA_FORMAT              ; Stamp                                  ; --            ; --          ; eda_board_design_timing           ;
; EDA_OUTPUT_DATA_FORMAT              ; Verilog Hdl                            ; --            ; --          ; eda_simulation                    ;
; EDA_OUTPUT_DATA_FORMAT              ; Fpga Xchange                           ; --            ; --          ; eda_board_design_symbol           ;
; EDA_SIMULATION_TOOL                 ; Questa Altera FPGA (Verilog)           ; <None>        ; --          ; --                                ;
; EDA_TIME_SCALE                      ; 1 ps                                   ; --            ; --          ; eda_simulation                    ;
; MAX_CORE_JUNCTION_TEMP              ; 85                                     ; --            ; --          ; --                                ;
; MIN_CORE_JUNCTION_TEMP              ; 0                                      ; --            ; --          ; --                                ;
; PARTITION_COLOR                     ; -- (Not supported for targeted family) ; --            ; cache_256B  ; Top                               ;
; PARTITION_FITTER_PRESERVATION_LEVEL ; -- (Not supported for targeted family) ; --            ; cache_256B  ; Top                               ;
; PARTITION_NETLIST_TYPE              ; -- (Not supported for targeted family) ; --            ; cache_256B  ; Top                               ;
; POWER_BOARD_THERMAL_MODEL           ; None (CONSERVATIVE)                    ; --            ; --          ; --                                ;
; POWER_PRESET_COOLING_SOLUTION       ; 23 MM HEAT SINK WITH 200 LFPM AIRFLOW  ; --            ; --          ; --                                ;
; PROJECT_OUTPUT_DIRECTORY            ; output_files                           ; --            ; --          ; --                                ;
; TOP_LEVEL_ENTITY                    ; cache_256B                             ; cache_top     ; --          ; --                                ;
+-------------------------------------+----------------------------------------+---------------+-------------+-----------------------------------+


+-----------------------------------------------------------------------------------------------------------------------------+
; Flow Elapsed Time                                                                                                           ;
+-------------------------+--------------+-------------------------+---------------------+------------------------------------+
; Module Name             ; Elapsed Time ; Average Processors Used ; Peak Virtual Memory ; Total CPU Time (on all processors) ;
+-------------------------+--------------+-------------------------+---------------------+------------------------------------+
; Analysis & Synthesis    ; 00:00:12     ; 1.0                     ; 526 MB              ; 00:00:26                           ;
; Fitter                  ; 00:03:07     ; 1.1                     ; 2832 MB             ; 00:07:38                           ;
; Assembler               ; 00:00:15     ; 1.0                     ; 536 MB              ; 00:00:15                           ;
; Timing Analyzer         ; 00:00:09     ; 1.7                     ; 1083 MB             ; 00:00:13                           ;
; EDA Netlist Writer      ; 00:00:02     ; 1.0                     ; 708 MB              ; 00:00:02                           ;
; I/O Assignment Analysis ; 00:00:19     ; 1.0                     ; 1299 MB             ; 00:00:19                           ;
; Total                   ; 00:04:04     ; --                      ; --                  ; 00:08:53                           ;
+-------------------------+--------------+-------------------------+---------------------+------------------------------------+


+------------------------------------------------------------------------------------+
; Flow OS Summary                                                                    ;
+-------------------------+------------------+---------+------------+----------------+
; Module Name             ; Machine Hostname ; OS Name ; OS Version ; Processor type ;
+-------------------------+------------------+---------+------------+----------------+
; Analysis & Synthesis    ; minamidev        ; Ubuntu  ; 24         ; x86_64         ;
; Fitter                  ; minamidev        ; Ubuntu  ; 24         ; x86_64         ;
; Assembler               ; minamidev        ; Ubuntu  ; 24         ; x86_64         ;
; Timing Analyzer         ; minamidev        ; Ubuntu  ; 24         ; x86_64         ;
; EDA Netlist Writer      ; minamidev        ; Ubuntu  ; 24         ; x86_64         ;
; I/O Assignment Analysis ; minamidev        ; Ubuntu  ; 24         ; x86_64         ;
+-------------------------+------------------+---------+------------+----------------+


------------
; Flow Log ;
------------
quartus_map --read_settings_files=on --write_settings_files=off cache_256B -c cache_top
quartus_fit --read_settings_files=off --write_settings_files=off cache_256B -c cache_top
quartus_asm --read_settings_files=off --write_settings_files=off cache_256B -c cache_top
quartus_sta cache_256B -c cache_top
quartus_eda --read_settings_files=off --write_settings_files=off cache_256B -c cache_top
quartus_fit --read_settings_files=on --write_settings_files=off cache_256B -c cache_top --plan



