Vivado Simulator v2025.1.0
Copyright 1986-2022 Xilinx, Inc. All Rights Reserved.
Copyright 2022-2025 Advanced Micro Devices, Inc. All Rights Reserved.
Running: /home/minami/tools/xilinx/2025.1/Vivado/bin/unwrapped/lnx64.o/xelab --incr --debug typical --relax --mt 8 -L xil_defaultlib -L uvm -L unisims_ver -L unimacro_ver -L secureip --snapshot tb_cache_256B_behav xil_defaultlib.tb_cache_256B xil_defaultlib.glbl -log elaborate.log 
Using 8 slave threads.
WARNING: [XSIM 43-3431] One or more environment variables have been detected which affect the operation of the C compiler. These are typically not set in standard installations and are not tested by AMD, however they may be appropriate for your system, so the flow will attempt to continue.  If errors occur, try running xelab with the "-mt off -v 1" switches to see more information from the C compiler. The following environment variables have been detected:
Starting static elaboration
Pass Through NonSizing Optimizer
WARNING: [VRFC 10-3091] actual bit length 8 differs from formal bit length 4 for port 'ra' [/home/minami/Coding_IPDesign/IP_lecture/cache_mem/cache_top.sv:237]
WARNING: [VRFC 10-3091] actual bit length 8 differs from formal bit length 4 for port 'wa' [/home/minami/Coding_IPDesign/IP_lecture/cache_mem/cache_top.sv:238]
Completed static elaboration
Starting simulation data flow analysis
WARNING: [XSIM 43-4099] "/home/minami/Coding_IPDesign/IP_lecture/cache_mem/cache_top.sv" Line 4. Module cache_256B_default doesn't have a timescale but at least one module in design has a timescale.
WARNING: [XSIM 43-4099] "/home/minami/Coding_IPDesign/IP_lecture/cache_mem/cache_cell.sv" Line 1. Module tpsram(WIDTH=32,DEPTH=16) doesn't have a timescale but at least one module in design has a timescale.
WARNING: [XSIM 43-4099] "/home/minami/Coding_IPDesign/IP_lecture/cache_mem/cache_cell.sv" Line 30. Module mem_cell(WIDTH=32,DEPTH=16) doesn't have a timescale but at least one module in design has a timescale.
WARNING: [XSIM 43-4099] "/home/minami/Coding_IPDesign/IP_lecture/cache_mem/cache_top.sv" Line 4. Module cache_256B_default doesn't have a timescale but at least one module in design has a timescale.
WARNING: [XSIM 43-4099] "/home/minami/Coding_IPDesign/IP_lecture/cache_mem/cache_cell.sv" Line 1. Module tpsram(WIDTH=32,DEPTH=16) doesn't have a timescale but at least one module in design has a timescale.
WARNING: [XSIM 43-4099] "/home/minami/Coding_IPDesign/IP_lecture/cache_mem/cache_cell.sv" Line 30. Module mem_cell(WIDTH=32,DEPTH=16) doesn't have a timescale but at least one module in design has a timescale.
Completed simulation data flow analysis
Time Resolution for simulation is 1ps
Compiling module xil_defaultlib.mem_cell(WIDTH=32,DEPTH=16)
Compiling module xil_defaultlib.tpsram(WIDTH=32,DEPTH=16)
Compiling module xil_defaultlib.cache_256B_default
Compiling module xil_defaultlib.tb_cache_256B
Compiling module xil_defaultlib.glbl
Built simulation snapshot tb_cache_256B_behav
