Analysis & Synthesis report for DRAMInterface
Thu Feb 12 13:20:53 2026
Quartus Prime Version 25.1std.0 Build 1129 10/21/2025 SC Lite Edition


---------------------
; Table of Contents ;
---------------------
  1. Legal Notice
  2. Analysis & Synthesis Summary
  3. Analysis & Synthesis Settings
  4. Parallel Compilation
  5. Analysis & Synthesis Source Files Read
  6. Analysis & Synthesis Resource Usage Summary
  7. Analysis & Synthesis Resource Utilization by Entity
  8. State Machine - |DRAM_interface|curr_state
  9. Registers Removed During Synthesis
 10. General Register Statistics
 11. Multiplexer Restructuring Statistics (Restructuring Performed)
 12. Parameter Settings for User Entity Instance: Top-level Entity: |DRAM_interface
 13. Post-Synthesis Netlist Statistics for Top Partition
 14. Elapsed Time Per Partition
 15. Analysis & Synthesis Messages
 16. Analysis & Synthesis Suppressed Messages



----------------
; Legal Notice ;
----------------
Copyright (C) 2025  Altera Corporation. All rights reserved.
Your use of Altera Corporation's design tools, logic functions 
and other software and tools, and any partner logic 
functions, and any output files from any of the foregoing 
(including device programming or simulation files), and any 
associated documentation or information are expressly subject 
to the terms and conditions of the Altera Program License 
Subscription Agreement, the Altera Quartus Prime License Agreement,
the Altera IP License Agreement, or other applicable license
agreement, including, without limitation, that your use is for
the sole purpose of programming logic devices manufactured by
Altera and sold by Altera or its authorized distributors.  Please
refer to the Altera Software License Subscription Agreements 
on the Quartus Prime software download page.



+-----------------------------------------------------------------------------------+
; Analysis & Synthesis Summary                                                      ;
+---------------------------------+-------------------------------------------------+
; Analysis & Synthesis Status     ; Successful - Thu Feb 12 13:20:52 2026           ;
; Quartus Prime Version           ; 25.1std.0 Build 1129 10/21/2025 SC Lite Edition ;
; Revision Name                   ; DRAMInterface                                   ;
; Top-level Entity Name           ; DRAM_interface                                  ;
; Family                          ; Cyclone V                                       ;
; Logic utilization (in ALMs)     ; N/A                                             ;
; Total registers                 ; 16497                                           ;
; Total pins                      ; 40                                              ;
; Total virtual pins              ; 0                                               ;
; Total block memory bits         ; 0                                               ;
; Total DSP Blocks                ; 0                                               ;
; Total HSSI RX PCSs              ; 0                                               ;
; Total HSSI PMA RX Deserializers ; 0                                               ;
; Total HSSI TX PCSs              ; 0                                               ;
; Total HSSI PMA TX Serializers   ; 0                                               ;
; Total PLLs                      ; 0                                               ;
; Total DLLs                      ; 0                                               ;
+---------------------------------+-------------------------------------------------+


+---------------------------------------------------------------------------------------------------------------------------+
; Analysis & Synthesis Settings                                                                                             ;
+---------------------------------------------------------------------------------+--------------------+--------------------+
; Option                                                                          ; Setting            ; Default Value      ;
+---------------------------------------------------------------------------------+--------------------+--------------------+
; Device                                                                          ; 5CGXFC7C7F23C8     ;                    ;
; Top-level entity name                                                           ; DRAM_interface     ; DRAMInterface      ;
; Family name                                                                     ; Cyclone V          ; Cyclone V          ;
; Verilog Show LMF Mapping Messages                                               ; Off                ;                    ;
; Use smart compilation                                                           ; Off                ; Off                ;
; Enable parallel Assembler and Timing Analyzer during compilation                ; On                 ; On                 ;
; Enable compact report table                                                     ; Off                ; Off                ;
; Restructure Multiplexers                                                        ; Auto               ; Auto               ;
; MLAB Add Timing Constraints For Mixed-Port Feed-Through Mode Setting Don't Care ; Off                ; Off                ;
; Create Debugging Nodes for IP Cores                                             ; Off                ; Off                ;
; Preserve fewer node names                                                       ; On                 ; On                 ;
; Intel FPGA IP Evaluation Mode                                                   ; Enable             ; Enable             ;
; Verilog Version                                                                 ; Verilog_2001       ; Verilog_2001       ;
; VHDL Version                                                                    ; VHDL_1993          ; VHDL_1993          ;
; State Machine Processing                                                        ; Auto               ; Auto               ;
; Safe State Machine                                                              ; Off                ; Off                ;
; Extract Verilog State Machines                                                  ; On                 ; On                 ;
; Extract VHDL State Machines                                                     ; On                 ; On                 ;
; Ignore Verilog initial constructs                                               ; Off                ; Off                ;
; Iteration limit for constant Verilog loops                                      ; 5000               ; 5000               ;
; Iteration limit for non-constant Verilog loops                                  ; 250                ; 250                ;
; Add Pass-Through Logic to Inferred RAMs                                         ; On                 ; On                 ;
; Infer RAMs from Raw Logic                                                       ; On                 ; On                 ;
; Parallel Synthesis                                                              ; On                 ; On                 ;
; DSP Block Balancing                                                             ; Auto               ; Auto               ;
; NOT Gate Push-Back                                                              ; On                 ; On                 ;
; Power-Up Don't Care                                                             ; On                 ; On                 ;
; Remove Redundant Logic Cells                                                    ; Off                ; Off                ;
; Remove Duplicate Registers                                                      ; On                 ; On                 ;
; Ignore CARRY Buffers                                                            ; Off                ; Off                ;
; Ignore CASCADE Buffers                                                          ; Off                ; Off                ;
; Ignore GLOBAL Buffers                                                           ; Off                ; Off                ;
; Ignore ROW GLOBAL Buffers                                                       ; Off                ; Off                ;
; Ignore LCELL Buffers                                                            ; Off                ; Off                ;
; Ignore SOFT Buffers                                                             ; On                 ; On                 ;
; Limit AHDL Integers to 32 Bits                                                  ; Off                ; Off                ;
; Optimization Technique                                                          ; Balanced           ; Balanced           ;
; Carry Chain Length                                                              ; 70                 ; 70                 ;
; Auto Carry Chains                                                               ; On                 ; On                 ;
; Auto Open-Drain Pins                                                            ; On                 ; On                 ;
; Perform WYSIWYG Primitive Resynthesis                                           ; Off                ; Off                ;
; Auto ROM Replacement                                                            ; On                 ; On                 ;
; Auto RAM Replacement                                                            ; On                 ; On                 ;
; Auto DSP Block Replacement                                                      ; On                 ; On                 ;
; Auto Shift Register Replacement                                                 ; Auto               ; Auto               ;
; Allow Shift Register Merging across Hierarchies                                 ; Auto               ; Auto               ;
; Auto Clock Enable Replacement                                                   ; On                 ; On                 ;
; Strict RAM Replacement                                                          ; Off                ; Off                ;
; Allow Synchronous Control Signals                                               ; On                 ; On                 ;
; Force Use of Synchronous Clear Signals                                          ; Off                ; Off                ;
; Auto Resource Sharing                                                           ; Off                ; Off                ;
; Allow Any RAM Size For Recognition                                              ; Off                ; Off                ;
; Allow Any ROM Size For Recognition                                              ; Off                ; Off                ;
; Allow Any Shift Register Size For Recognition                                   ; Off                ; Off                ;
; Use LogicLock Constraints during Resource Balancing                             ; On                 ; On                 ;
; Ignore translate_off and synthesis_off directives                               ; Off                ; Off                ;
; Timing-Driven Synthesis                                                         ; On                 ; On                 ;
; Report Parameter Settings                                                       ; On                 ; On                 ;
; Report Source Assignments                                                       ; On                 ; On                 ;
; Report Connectivity Checks                                                      ; On                 ; On                 ;
; Ignore Maximum Fan-Out Assignments                                              ; Off                ; Off                ;
; Synchronization Register Chain Length                                           ; 3                  ; 3                  ;
; Power Optimization During Synthesis                                             ; Normal compilation ; Normal compilation ;
; HDL message level                                                               ; Level2             ; Level2             ;
; Suppress Register Optimization Related Messages                                 ; Off                ; Off                ;
; Number of Removed Registers Reported in Synthesis Report                        ; 5000               ; 5000               ;
; Number of Swept Nodes Reported in Synthesis Report                              ; 5000               ; 5000               ;
; Number of Inverted Registers Reported in Synthesis Report                       ; 100                ; 100                ;
; Clock MUX Protection                                                            ; On                 ; On                 ;
; Auto Gated Clock Conversion                                                     ; Off                ; Off                ;
; Block Design Naming                                                             ; Auto               ; Auto               ;
; SDC constraint protection                                                       ; Off                ; Off                ;
; Synthesis Effort                                                                ; Auto               ; Auto               ;
; Shift Register Replacement - Allow Asynchronous Clear Signal                    ; On                 ; On                 ;
; Pre-Mapping Resynthesis Optimization                                            ; Off                ; Off                ;
; Analysis & Synthesis Message Level                                              ; Medium             ; Medium             ;
; Disable Register Merging Across Hierarchies                                     ; Auto               ; Auto               ;
; Resource Aware Inference For Block RAM                                          ; On                 ; On                 ;
; Automatic Parallel Synthesis                                                    ; On                 ; On                 ;
; Partial Reconfiguration Bitstream ID                                            ; Off                ; Off                ;
+---------------------------------------------------------------------------------+--------------------+--------------------+


+------------------------------------------+
; Parallel Compilation                     ;
+----------------------------+-------------+
; Processors                 ; Number      ;
+----------------------------+-------------+
; Number detected on machine ; 12          ;
; Maximum allowed            ; 12          ;
;                            ;             ;
; Average used               ; 2.89        ;
; Maximum used               ; 12          ;
;                            ;             ;
; Usage by Processor         ; % Time Used ;
;     Processor 1            ; 100.0%      ;
;     Processor 2            ;  26.4%      ;
;     Processor 3            ;  26.4%      ;
;     Processor 4            ;  15.3%      ;
;     Processor 5            ;  15.2%      ;
;     Processor 6            ;  15.2%      ;
;     Processor 7            ;  15.1%      ;
;     Processor 8            ;  15.1%      ;
;     Processor 9            ;  15.1%      ;
;     Processor 10           ;  15.1%      ;
;     Processor 11           ;  15.1%      ;
;     Processor 12           ;  15.0%      ;
+----------------------------+-------------+


+---------------------------------------------------------------------------------------------------------------------------------------------------------+
; Analysis & Synthesis Source Files Read                                                                                                                  ;
+----------------------------------+-----------------+------------------------------+-----------------------------------------------------------+---------+
; File Name with User-Entered Path ; Used in Netlist ; File Type                    ; File Name with Absolute Path                              ; Library ;
+----------------------------------+-----------------+------------------------------+-----------------------------------------------------------+---------+
; ../DRAM_cell.sv                  ; yes             ; User SystemVerilog HDL File  ; /home/minami/Coding_IPDesign/IP_lecture/DRAM/DRAM_cell.sv ;         ;
+----------------------------------+-----------------+------------------------------+-----------------------------------------------------------+---------+


+----------------------------------------------------------+
; Analysis & Synthesis Resource Usage Summary              ;
+---------------------------------------------+------------+
; Resource                                    ; Usage      ;
+---------------------------------------------+------------+
; Estimate of Logic utilization (ALMs needed) ; 11351      ;
;                                             ;            ;
; Combinational ALUT usage for logic          ; 8606       ;
;     -- 7 input functions                    ; 2          ;
;     -- 6 input functions                    ; 6219       ;
;     -- 5 input functions                    ; 36         ;
;     -- 4 input functions                    ; 28         ;
;     -- <=3 input functions                  ; 2321       ;
;                                             ;            ;
; Dedicated logic registers                   ; 16497      ;
;                                             ;            ;
; I/O pins                                    ; 40         ;
;                                             ;            ;
; Total DSP Blocks                            ; 0          ;
;                                             ;            ;
; Maximum fan-out node                        ; ck_t~input ;
; Maximum fan-out                             ; 16498      ;
; Total fan-out                               ; 93177      ;
; Average fan-out                             ; 3.70       ;
+---------------------------------------------+------------+


+-------------------------------------------------------------------------------------------------------------------------------------------------------------------------------------------+
; Analysis & Synthesis Resource Utilization by Entity                                                                                                                                       ;
+----------------------------+---------------------+---------------------------+-------------------+------------+------+--------------+---------------------+----------------+--------------+
; Compilation Hierarchy Node ; Combinational ALUTs ; Dedicated Logic Registers ; Block Memory Bits ; DSP Blocks ; Pins ; Virtual Pins ; Full Hierarchy Name ; Entity Name    ; Library Name ;
+----------------------------+---------------------+---------------------------+-------------------+------------+------+--------------+---------------------+----------------+--------------+
; |DRAM_interface            ; 8606 (8606)         ; 16497 (16497)             ; 0                 ; 0          ; 40   ; 0            ; |DRAM_interface     ; DRAM_interface ; work         ;
+----------------------------+---------------------+---------------------------+-------------------+------------+------+--------------+---------------------+----------------+--------------+
Note: For table entries with two numbers listed, the numbers in parentheses indicate the number of resources of the given type used by the specific entity alone. The numbers listed outside of parentheses indicate the total resources of the given type used by the specific entity and all of its sub-entities in the hierarchy.


Encoding Type:  One-Hot
+-----------------------------------------------------------------------------------------------------------------------------------------------------------------+
; State Machine - |DRAM_interface|curr_state                                                                                                                      ;
+--------------------------+--------------------------+---------------------+----------------------+---------------------+----------------------+-----------------+
; Name                     ; curr_state.DATAOUT_READY ; curr_state.WAIT_tCL ; curr_state.WAIT_tCWL ; curr_state.WAIT_tRP ; curr_state.WAIT_tRCD ; curr_state.IDLE ;
+--------------------------+--------------------------+---------------------+----------------------+---------------------+----------------------+-----------------+
; curr_state.IDLE          ; 0                        ; 0                   ; 0                    ; 0                   ; 0                    ; 0               ;
; curr_state.WAIT_tRCD     ; 0                        ; 0                   ; 0                    ; 0                   ; 1                    ; 1               ;
; curr_state.WAIT_tRP      ; 0                        ; 0                   ; 0                    ; 1                   ; 0                    ; 1               ;
; curr_state.WAIT_tCWL     ; 0                        ; 0                   ; 1                    ; 0                   ; 0                    ; 1               ;
; curr_state.WAIT_tCL      ; 0                        ; 1                   ; 0                    ; 0                   ; 0                    ; 1               ;
; curr_state.DATAOUT_READY ; 1                        ; 0                   ; 0                    ; 0                   ; 0                    ; 1               ;
+--------------------------+--------------------------+---------------------+----------------------+---------------------+----------------------+-----------------+


+------------------------------------------------------------+
; Registers Removed During Synthesis                         ;
+---------------------------------------+--------------------+
; Register name                         ; Reason for Removal ;
+---------------------------------------+--------------------+
; curr_state~7                          ; Lost fanout        ;
; curr_state~8                          ; Lost fanout        ;
; curr_state~9                          ; Lost fanout        ;
; Total Number of Removed Registers = 3 ;                    ;
+---------------------------------------+--------------------+


+------------------------------------------------------+
; General Register Statistics                          ;
+----------------------------------------------+-------+
; Statistic                                    ; Value ;
+----------------------------------------------+-------+
; Total registers                              ; 16497 ;
; Number of registers using Synchronous Clear  ; 64    ;
; Number of registers using Synchronous Load   ; 0     ;
; Number of registers using Asynchronous Clear ; 0     ;
; Number of registers using Asynchronous Load  ; 0     ;
; Number of registers using Clock Enable       ; 15730 ;
; Number of registers using Preset             ; 0     ;
+----------------------------------------------+-------+


+---------------------------------------------------------------------------------------------------------------------------------------------------+
; Multiplexer Restructuring Statistics (Restructuring Performed)                                                                                    ;
+--------------------+-----------+---------------+----------------------+------------------------+------------+-------------------------------------+
; Multiplexer Inputs ; Bus Width ; Baseline Area ; Area if Restructured ; Saving if Restructured ; Registered ; Example Multiplexer Output          ;
+--------------------+-----------+---------------+----------------------+------------------------+------------+-------------------------------------+
; 8:1                ; 7 bits    ; 35 LEs        ; 35 LEs               ; 0 LEs                  ; Yes        ; |DRAM_interface|dq_o[1]             ;
; 7:1                ; 4 bits    ; 16 LEs        ; 8 LEs                ; 8 LEs                  ; Yes        ; |DRAM_interface|row[0]              ;
; 7:1                ; 4 bits    ; 16 LEs        ; 8 LEs                ; 8 LEs                  ; Yes        ; |DRAM_interface|burst_count_reg[3]  ;
; 7:1                ; 4 bits    ; 16 LEs        ; 8 LEs                ; 8 LEs                  ; Yes        ; |DRAM_interface|col[0]              ;
; 8:1                ; 4 bits    ; 20 LEs        ; 8 LEs                ; 12 LEs                 ; Yes        ; |DRAM_interface|burst_count_reg2[0] ;
; 12:1               ; 5 bits    ; 40 LEs        ; 10 LEs               ; 30 LEs                 ; Yes        ; |DRAM_interface|cnt[0]              ;
; 260:1              ; 64 bits   ; 11072 LEs     ; 10880 LEs            ; 192 LEs                ; Yes        ; |DRAM_interface|curr_data[10]       ;
; 12:1               ; 2 bits    ; 16 LEs        ; 6 LEs                ; 10 LEs                 ; No         ; |DRAM_interface|Selector16202       ;
+--------------------+-----------+---------------+----------------------+------------------------+------------+-------------------------------------+


+--------------------------------------------------------------------------------+
; Parameter Settings for User Entity Instance: Top-level Entity: |DRAM_interface ;
+----------------+-------+-------------------------------------------------------+
; Parameter Name ; Value ; Type                                                  ;
+----------------+-------+-------------------------------------------------------+
; N_ROW          ; 16    ; Signed Integer                                        ;
; N_COL          ; 16    ; Signed Integer                                        ;
; R_ADDR         ; 4     ; Signed Integer                                        ;
; C_ADDR         ; 4     ; Signed Integer                                        ;
; WIDTH_ADDR     ; 8     ; Signed Integer                                        ;
; NUM_INBANK     ; 1     ; Signed Integer                                        ;
; NUM_INGROUP    ; 1     ; Signed Integer                                        ;
+----------------+-------+-------------------------------------------------------+
Note: In order to hide this table in the UI and the text report file, please set the "Show Parameter Settings in Synthesis Report" option in "Analysis and Synthesis Settings -> More Settings" to "Off".


+-----------------------------------------------------+
; Post-Synthesis Netlist Statistics for Top Partition ;
+-----------------------+-----------------------------+
; Type                  ; Count                       ;
+-----------------------+-----------------------------+
; arriav_ff             ; 16497                       ;
;     ENA               ; 15666                       ;
;     ENA SCLR          ; 64                          ;
;     plain             ; 767                         ;
; arriav_io_obuf        ; 10                          ;
; arriav_lcell_comb     ; 8606                        ;
;     extend            ; 2                           ;
;         7 data inputs ; 2                           ;
;     normal            ; 8604                        ;
;         1 data inputs ; 1                           ;
;         2 data inputs ; 262                         ;
;         3 data inputs ; 2058                        ;
;         4 data inputs ; 28                          ;
;         5 data inputs ; 36                          ;
;         6 data inputs ; 6219                        ;
; boundary_port         ; 40                          ;
;                       ;                             ;
; Max LUT depth         ; 4.00                        ;
; Average LUT depth     ; 3.94                        ;
+-----------------------+-----------------------------+


+-------------------------------+
; Elapsed Time Per Partition    ;
+----------------+--------------+
; Partition Name ; Elapsed Time ;
+----------------+--------------+
; Top            ; 00:00:27     ;
+----------------+--------------+


+-------------------------------+
; Analysis & Synthesis Messages ;
+-------------------------------+
Info: *******************************************************************
Info: Running Quartus Prime Analysis & Synthesis
    Info: Version 25.1std.0 Build 1129 10/21/2025 SC Lite Edition
    Info: Processing started: Thu Feb 12 13:20:08 2026
Info: Command: quartus_map --read_settings_files=on --write_settings_files=off DRAMInterface -c DRAMInterface
Warning (18236): Number of processors has not been specified which may cause overloading on shared machines.  Set the global assignment NUM_PARALLEL_PROCESSORS in your QSF to an appropriate value for best performance.
Info (20030): Parallel compilation is enabled and will use 12 of the 12 processors detected
Info (12021): Found 1 design units, including 1 entities, in source file /home/minami/Coding_IPDesign/IP_lecture/DRAM/DRAM_cell.sv
    Info (12023): Found entity 1: DRAM_interface File: /home/minami/Coding_IPDesign/IP_lecture/DRAM/DRAM_cell.sv Line: 3
Info (12021): Found 1 design units, including 1 entities, in source file /home/minami/Coding_IPDesign/IP_lecture/DRAM/DRAM_tb.sv
    Info (12023): Found entity 1: tb_DRAM_interface File: /home/minami/Coding_IPDesign/IP_lecture/DRAM/DRAM_tb.sv Line: 5
Info (12127): Elaborating entity "DRAM_interface" for the top level hierarchy
Warning (10036): Verilog HDL or VHDL warning at DRAM_cell.sv(45): object "MPR_state" assigned a value but never read File: /home/minami/Coding_IPDesign/IP_lecture/DRAM/DRAM_cell.sv Line: 45
Warning (10036): Verilog HDL or VHDL warning at DRAM_cell.sv(52): object "write_op" assigned a value but never read File: /home/minami/Coding_IPDesign/IP_lecture/DRAM/DRAM_cell.sv Line: 52
Warning (10230): Verilog HDL assignment warning at DRAM_cell.sv(72): truncated value with size 32 to match size of target (8) File: /home/minami/Coding_IPDesign/IP_lecture/DRAM/DRAM_cell.sv Line: 72
Warning (10230): Verilog HDL assignment warning at DRAM_cell.sv(86): truncated value with size 32 to match size of target (4) File: /home/minami/Coding_IPDesign/IP_lecture/DRAM/DRAM_cell.sv Line: 86
Info (10008): Verilog HDL or VHDL information: EDA Netlist Writer cannot regroup multidimensional array "mem" into its bus
Info (286030): Timing-Driven Synthesis is running
Info (17049): 3 registers lost all their fanouts during netlist optimizations.
Info (16010): Generating hard_block partition "hard_block:auto_generated_inst"
    Info (16011): Adding 0 node(s), including 0 DDIO, 0 PLL, 0 transceiver and 0 LCELL
Warning (21074): Design contains 10 input pin(s) that do not drive logic
    Warning (15610): No output dependent on input pin "cke" File: /home/minami/Coding_IPDesign/IP_lecture/DRAM/DRAM_cell.sv Line: 17
    Warning (15610): No output dependent on input pin "bg[0]" File: /home/minami/Coding_IPDesign/IP_lecture/DRAM/DRAM_cell.sv Line: 19
    Warning (15610): No output dependent on input pin "ba[0]" File: /home/minami/Coding_IPDesign/IP_lecture/DRAM/DRAM_cell.sv Line: 20
    Warning (15610): No output dependent on input pin "a[8]" File: /home/minami/Coding_IPDesign/IP_lecture/DRAM/DRAM_cell.sv Line: 21
    Warning (15610): No output dependent on input pin "a[9]" File: /home/minami/Coding_IPDesign/IP_lecture/DRAM/DRAM_cell.sv Line: 21
    Warning (15610): No output dependent on input pin "a[10]" File: /home/minami/Coding_IPDesign/IP_lecture/DRAM/DRAM_cell.sv Line: 21
    Warning (15610): No output dependent on input pin "a[11]" File: /home/minami/Coding_IPDesign/IP_lecture/DRAM/DRAM_cell.sv Line: 21
    Warning (15610): No output dependent on input pin "a[12]" File: /home/minami/Coding_IPDesign/IP_lecture/DRAM/DRAM_cell.sv Line: 21
    Warning (15610): No output dependent on input pin "a[13]" File: /home/minami/Coding_IPDesign/IP_lecture/DRAM/DRAM_cell.sv Line: 21
    Warning (15610): No output dependent on input pin "a[17]" File: /home/minami/Coding_IPDesign/IP_lecture/DRAM/DRAM_cell.sv Line: 21
Info (21057): Implemented 24289 device resources after synthesis - the final resource count might be different
    Info (21058): Implemented 30 input pins
    Info (21059): Implemented 0 output pins
    Info (21060): Implemented 10 bidirectional pins
    Info (21061): Implemented 24249 logic cells
Info (144001): Generated suppressed messages file /home/minami/Coding_IPDesign/IP_lecture/DRAM/DRAM_cell_quartus/output_files/DRAMInterface.map.smsg
Info: Quartus Prime Analysis & Synthesis was successful. 0 errors, 16 warnings
    Info: Peak virtual memory: 719 megabytes
    Info: Processing ended: Thu Feb 12 13:20:53 2026
    Info: Elapsed time: 00:00:45
    Info: Total CPU time (on all processors): 00:01:48


+------------------------------------------+
; Analysis & Synthesis Suppressed Messages ;
+------------------------------------------+
The suppressed messages can be found in /home/minami/Coding_IPDesign/IP_lecture/DRAM/DRAM_cell_quartus/output_files/DRAMInterface.map.smsg.


