
*** Running vivado
    with args -log SRAM_wrapper.vdi -applog -m64 -product Vivado -messageDb vivado.pb -mode batch -source SRAM_wrapper.tcl -notrace


****** Vivado v2025.1 (64-bit)
  **** SW Build 6140274 on Wed May 21 22:58:25 MDT 2025
  **** IP Build 6138677 on Thu May 22 03:10:11 MDT 2025
  **** SharedData Build 6139179 on Tue May 20 17:58:58 MDT 2025
  **** Start of session at: Thu Feb  5 13:50:20 2026
    ** Copyright 1986-2022 Xilinx, Inc. All Rights Reserved.
    ** Copyright 2022-2025 Advanced Micro Devices, Inc. All Rights Reserved.

source SRAM_wrapper.tcl -notrace
Command: link_design -top SRAM_wrapper -part xc7z010iclg225-1L -mode out_of_context
Design is defaulting to srcset: sources_1
Design is defaulting to constrset: constrs_1
INFO: [Device 21-403] Loading part xc7z010iclg225-1L
Netlist sorting complete. Time (s): cpu = 00:00:00 ; elapsed = 00:00:00 . Memory (MB): peak = 1687.781 ; gain = 0.000 ; free physical = 1541 ; free virtual = 25423
INFO: [Netlist 29-17] Analyzing 8 Unisim elements for replacement
INFO: [Netlist 29-28] Unisim Transformation completed in 0 CPU seconds
INFO: [Project 1-479] Netlist was created with Vivado 2025.1
INFO: [Project 1-570] Preparing netlist for logic optimization
Parsing XDC File [/home/minami/Coding_IPDesign/IP_lecture/SRAM_Wrapper/SRAM_wrapper/SRAM_wrapper.srcs/constrs_1/new/ooc.xdc]
INFO: [Timing 38-35] Done setting XDC timing constraints. [/home/minami/Coding_IPDesign/IP_lecture/SRAM_Wrapper/SRAM_wrapper/SRAM_wrapper.srcs/constrs_1/new/ooc.xdc:14]
all_registers: Time (s): cpu = 00:00:08 ; elapsed = 00:00:08 . Memory (MB): peak = 2302.156 ; gain = 528.781 ; free physical = 986 ; free virtual = 24867
Finished Parsing XDC File [/home/minami/Coding_IPDesign/IP_lecture/SRAM_Wrapper/SRAM_wrapper/SRAM_wrapper.srcs/constrs_1/new/ooc.xdc]
INFO: [Opt 31-138] Pushed 0 inverter(s) to 0 load pin(s).
Netlist sorting complete. Time (s): cpu = 00:00:00 ; elapsed = 00:00:00 . Memory (MB): peak = 2302.156 ; gain = 0.000 ; free physical = 983 ; free virtual = 24865
INFO: [Project 1-111] Unisim Transformation Summary:
  A total of 8 instances were transformed.
  RAM64X1S => RAM64X1S (RAMS64E): 8 instances

8 Infos, 0 Warnings, 0 Critical Warnings and 0 Errors encountered.
link_design completed successfully
link_design: Time (s): cpu = 00:00:13 ; elapsed = 00:00:14 . Memory (MB): peak = 2302.191 ; gain = 788.730 ; free physical = 983 ; free virtual = 24864
Command: opt_design
Attempting to get a license for feature 'Implementation' and/or device 'xc7z010i'
INFO: [Common 17-349] Got license for feature 'Implementation' and/or device 'xc7z010i'
Running DRC as a precondition to command opt_design

Starting DRC Task
INFO: [DRC 23-27] Running DRC with 8 threads
WARNING: [DRC 23-814] Not all possible (connectivity based) DRCs may have been run because this design is seen as Out of Context.
INFO: [Project 1-461] DRC finished with 0 Errors
INFO: [Project 1-462] Please refer to the DRC report (report_drc) for more information.

Time (s): cpu = 00:00:02 ; elapsed = 00:00:00.6 . Memory (MB): peak = 2368.633 ; gain = 66.441 ; free physical = 949 ; free virtual = 24831

Starting Cache Timing Information Task
INFO: [Timing 38-35] Done setting XDC timing constraints.
Ending Cache Timing Information Task | Checksum: 1934b1776

Time (s): cpu = 00:00:00.02 ; elapsed = 00:00:00.01 . Memory (MB): peak = 2368.633 ; gain = 0.000 ; free physical = 949 ; free virtual = 24831

Starting Logic Optimization Task

Phase 1 Initialization

Phase 1.1 Core Generation And Design Setup
Phase 1.1 Core Generation And Design Setup | Checksum: 1934b1776

Time (s): cpu = 00:00:00 ; elapsed = 00:00:00 . Memory (MB): peak = 2692.617 ; gain = 0.000 ; free physical = 603 ; free virtual = 24485

Phase 1.2 Setup Constraints And Sort Netlist
Phase 1.2 Setup Constraints And Sort Netlist | Checksum: 1934b1776

Time (s): cpu = 00:00:00 ; elapsed = 00:00:00 . Memory (MB): peak = 2692.617 ; gain = 0.000 ; free physical = 603 ; free virtual = 24485
Phase 1 Initialization | Checksum: 1934b1776

Time (s): cpu = 00:00:00 ; elapsed = 00:00:00 . Memory (MB): peak = 2692.617 ; gain = 0.000 ; free physical = 603 ; free virtual = 24485

Phase 2 Timer Update And Timing Data Collection

Phase 2.1 Timer Update
Phase 2.1 Timer Update | Checksum: 1934b1776

Time (s): cpu = 00:00:00.01 ; elapsed = 00:00:00.01 . Memory (MB): peak = 2692.617 ; gain = 0.000 ; free physical = 603 ; free virtual = 24485

Phase 2.2 Timing Data Collection
Phase 2.2 Timing Data Collection | Checksum: 1934b1776

Time (s): cpu = 00:00:00.02 ; elapsed = 00:00:00.01 . Memory (MB): peak = 2692.617 ; gain = 0.000 ; free physical = 603 ; free virtual = 24485
Phase 2 Timer Update And Timing Data Collection | Checksum: 1934b1776

Time (s): cpu = 00:00:00.02 ; elapsed = 00:00:00.02 . Memory (MB): peak = 2692.617 ; gain = 0.000 ; free physical = 603 ; free virtual = 24485

Phase 3 Retarget
INFO: [Opt 31-1851] Number of loadless carry chains removed were: 0
INFO: [Opt 31-1834] Total Chains To Be Transformed Were: 0 AND Number of Transformed insts Created are: 0
INFO: [Opt 31-138] Pushed 0 inverter(s) to 0 load pin(s).
INFO: [Opt 31-49] Retargeted 0 cell(s).
Phase 3 Retarget | Checksum: 1934b1776

Time (s): cpu = 00:00:00.02 ; elapsed = 00:00:00.04 . Memory (MB): peak = 2692.617 ; gain = 0.000 ; free physical = 603 ; free virtual = 24485
Retarget | Checksum: 1934b1776
INFO: [Opt 31-389] Phase Retarget created 0 cells and removed 0 cells

Phase 4 Constant propagation
INFO: [Opt 31-138] Pushed 0 inverter(s) to 0 load pin(s).
Phase 4 Constant propagation | Checksum: 1934b1776

Time (s): cpu = 00:00:00.02 ; elapsed = 00:00:00.04 . Memory (MB): peak = 2692.617 ; gain = 0.000 ; free physical = 603 ; free virtual = 24485
Constant propagation | Checksum: 1934b1776
INFO: [Opt 31-389] Phase Constant propagation created 0 cells and removed 0 cells

Phase 5 Sweep
INFO: [Constraints 18-11670] Building netlist checker database with flags, 0x8
Done building netlist checker database: Time (s): cpu = 00:00:00 ; elapsed = 00:00:00 . Memory (MB): peak = 2692.617 ; gain = 0.000 ; free physical = 603 ; free virtual = 24485
Phase 5 Sweep | Checksum: 1934b1776

Time (s): cpu = 00:00:00.03 ; elapsed = 00:00:00.04 . Memory (MB): peak = 2692.617 ; gain = 0.000 ; free physical = 603 ; free virtual = 24485
Sweep | Checksum: 1934b1776
INFO: [Opt 31-389] Phase Sweep created 0 cells and removed 0 cells

Phase 6 BUFG optimization
Phase 6 BUFG optimization | Checksum: 1934b1776

Time (s): cpu = 00:00:00.03 ; elapsed = 00:00:00.05 . Memory (MB): peak = 2724.633 ; gain = 32.016 ; free physical = 603 ; free virtual = 24485
BUFG optimization | Checksum: 1934b1776
INFO: [Opt 31-662] Phase BUFG optimization created 0 cells of which 0 are BUFGs and removed 0 cells.

Phase 7 Shift Register Optimization
INFO: [Opt 31-1064] SRL Remap converted 0 SRLs to 0 registers and converted 0 registers of register chains to 0 SRLs
Phase 7 Shift Register Optimization | Checksum: 1934b1776

Time (s): cpu = 00:00:00.03 ; elapsed = 00:00:00.05 . Memory (MB): peak = 2724.633 ; gain = 32.016 ; free physical = 603 ; free virtual = 24485
Shift Register Optimization | Checksum: 1934b1776
INFO: [Opt 31-389] Phase Shift Register Optimization created 0 cells and removed 0 cells

Phase 8 Post Processing Netlist
Phase 8 Post Processing Netlist | Checksum: 1934b1776

Time (s): cpu = 00:00:00.04 ; elapsed = 00:00:00.05 . Memory (MB): peak = 2724.633 ; gain = 32.016 ; free physical = 603 ; free virtual = 24485
Post Processing Netlist | Checksum: 1934b1776
INFO: [Opt 31-389] Phase Post Processing Netlist created 0 cells and removed 0 cells

Phase 9 Finalization

Phase 9.1 Finalizing Design Cores and Updating Shapes
Phase 9.1 Finalizing Design Cores and Updating Shapes | Checksum: 1934b1776

Time (s): cpu = 00:00:00.04 ; elapsed = 00:00:00.06 . Memory (MB): peak = 2724.633 ; gain = 32.016 ; free physical = 603 ; free virtual = 24485

Phase 9.2 Verifying Netlist Connectivity

Starting Connectivity Check Task

Time (s): cpu = 00:00:00 ; elapsed = 00:00:00 . Memory (MB): peak = 2724.633 ; gain = 0.000 ; free physical = 603 ; free virtual = 24485
Phase 9.2 Verifying Netlist Connectivity | Checksum: 1934b1776

Time (s): cpu = 00:00:00.04 ; elapsed = 00:00:00.06 . Memory (MB): peak = 2724.633 ; gain = 32.016 ; free physical = 603 ; free virtual = 24485
Phase 9 Finalization | Checksum: 1934b1776

Time (s): cpu = 00:00:00.04 ; elapsed = 00:00:00.06 . Memory (MB): peak = 2724.633 ; gain = 32.016 ; free physical = 603 ; free virtual = 24485
Opt_design Change Summary
=========================


-------------------------------------------------------------------------------------------------------------------------
|  Phase                        |  #Cells created  |  #Cells Removed  |  #Constrained objects preventing optimizations  |
-------------------------------------------------------------------------------------------------------------------------
|  Retarget                     |               0  |               0  |                                              0  |
|  Constant propagation         |               0  |               0  |                                              0  |
|  Sweep                        |               0  |               0  |                                              0  |
|  BUFG optimization            |               0  |               0  |                                              0  |
|  Shift Register Optimization  |               0  |               0  |                                              0  |
|  Post Processing Netlist      |               0  |               0  |                                              0  |
-------------------------------------------------------------------------------------------------------------------------


Ending Logic Optimization Task | Checksum: 1934b1776

Time (s): cpu = 00:00:00.04 ; elapsed = 00:00:00.06 . Memory (MB): peak = 2724.633 ; gain = 32.016 ; free physical = 603 ; free virtual = 24485

Starting Power Optimization Task
INFO: [Pwropt 34-132] Skipping clock gating for clocks with a period < 2.00 ns.
Ending Power Optimization Task | Checksum: 1934b1776

Time (s): cpu = 00:00:00.01 ; elapsed = 00:00:00 . Memory (MB): peak = 2724.633 ; gain = 0.000 ; free physical = 603 ; free virtual = 24485

Starting Final Cleanup Task
Ending Final Cleanup Task | Checksum: 1934b1776

Time (s): cpu = 00:00:00 ; elapsed = 00:00:00 . Memory (MB): peak = 2724.633 ; gain = 0.000 ; free physical = 603 ; free virtual = 24485

Starting Netlist Obfuscation Task
Netlist sorting complete. Time (s): cpu = 00:00:00 ; elapsed = 00:00:00 . Memory (MB): peak = 2724.633 ; gain = 0.000 ; free physical = 603 ; free virtual = 24485
Ending Netlist Obfuscation Task | Checksum: 1934b1776

Time (s): cpu = 00:00:00 ; elapsed = 00:00:00 . Memory (MB): peak = 2724.633 ; gain = 0.000 ; free physical = 603 ; free virtual = 24485
INFO: [Common 17-83] Releasing license: Implementation
28 Infos, 1 Warnings, 0 Critical Warnings and 0 Errors encountered.
opt_design completed successfully
INFO: [Vivado 12-24828] Executing command : report_drc -file SRAM_wrapper_drc_opted.rpt -pb SRAM_wrapper_drc_opted.pb -rpx SRAM_wrapper_drc_opted.rpx
Command: report_drc -file SRAM_wrapper_drc_opted.rpt -pb SRAM_wrapper_drc_opted.pb -rpx SRAM_wrapper_drc_opted.rpx
INFO: [IP_Flow 19-234] Refreshing IP repositories
INFO: [IP_Flow 19-1704] No user IP repositories specified
INFO: [IP_Flow 19-2313] Loaded Vivado IP repository '/home/minami/tools/xilinx/2025.1/Vivado/data/ip'.
INFO: [DRC 23-27] Running DRC with 8 threads
WARNING: [DRC 23-814] Not all possible (connectivity based) DRCs may have been run because this design is seen as Out of Context.
INFO: [Vivado_Tcl 2-168] The results of DRC are in file /home/minami/Coding_IPDesign/IP_lecture/SRAM_Wrapper/SRAM_wrapper/SRAM_wrapper.runs/impl_1/SRAM_wrapper_drc_opted.rpt.
report_drc completed successfully
INFO: [Timing 38-35] Done setting XDC timing constraints.
INFO: [Timing 38-480] Writing timing data to binary archive.
Write ShapeDB Complete: Time (s): cpu = 00:00:00.01 ; elapsed = 00:00:00 . Memory (MB): peak = 2756.594 ; gain = 0.000 ; free physical = 579 ; free virtual = 24461
INFO: [Common 17-1381] The checkpoint '/home/minami/Coding_IPDesign/IP_lecture/SRAM_Wrapper/SRAM_wrapper/SRAM_wrapper.runs/impl_1/SRAM_wrapper_opt.dcp' has been generated.
Command: place_design
Attempting to get a license for feature 'Implementation' and/or device 'xc7z010i'
INFO: [Common 17-349] Got license for feature 'Implementation' and/or device 'xc7z010i'
INFO: [Common 17-83] Releasing license: Implementation
INFO: [DRC 23-27] Running DRC with 8 threads
WARNING: [DRC 23-814] Not all possible (connectivity based) DRCs may have been run because this design is seen as Out of Context.
INFO: [Vivado_Tcl 4-198] DRC finished with 0 Errors
INFO: [Vivado_Tcl 4-199] Please refer to the DRC report (report_drc) for more information.
Running DRC as a precondition to command place_design
INFO: [DRC 23-27] Running DRC with 8 threads
WARNING: [DRC 23-814] Not all possible (connectivity based) DRCs may have been run because this design is seen as Out of Context.
INFO: [Vivado_Tcl 4-198] DRC finished with 0 Errors
INFO: [Vivado_Tcl 4-199] Please refer to the DRC report (report_drc) for more information.
INFO: [Place 30-611] Multithreading enabled for place_design using a maximum of 8 CPUs

Starting Placer Task

Phase 1 Placer Initialization

Phase 1.1 Placer Initialization Netlist Sorting
Netlist sorting complete. Time (s): cpu = 00:00:00 ; elapsed = 00:00:00 . Memory (MB): peak = 2807.539 ; gain = 0.000 ; free physical = 539 ; free virtual = 24421
Phase 1.1 Placer Initialization Netlist Sorting | Checksum: 111a99aef

Time (s): cpu = 00:00:00 ; elapsed = 00:00:00 . Memory (MB): peak = 2807.539 ; gain = 0.000 ; free physical = 539 ; free virtual = 24421
Netlist sorting complete. Time (s): cpu = 00:00:00 ; elapsed = 00:00:00 . Memory (MB): peak = 2807.539 ; gain = 0.000 ; free physical = 539 ; free virtual = 24421

Phase 1.2 IO Placement/ Clock Placement/ Build Placer Device
Phase 1.2 IO Placement/ Clock Placement/ Build Placer Device | Checksum: a1b4223b

Time (s): cpu = 00:00:00.27 ; elapsed = 00:00:00.09 . Memory (MB): peak = 2863.566 ; gain = 56.027 ; free physical = 539 ; free virtual = 24421

Phase 1.3 Build Placer Netlist Model
Phase 1.3 Build Placer Netlist Model | Checksum: 136355eba

Time (s): cpu = 00:00:00.47 ; elapsed = 00:00:00.16 . Memory (MB): peak = 2895.582 ; gain = 88.043 ; free physical = 541 ; free virtual = 24424

Phase 1.4 Constrain Clocks/Macros
Phase 1.4 Constrain Clocks/Macros | Checksum: 136355eba

Time (s): cpu = 00:00:00.48 ; elapsed = 00:00:00.17 . Memory (MB): peak = 2895.582 ; gain = 88.043 ; free physical = 541 ; free virtual = 24425
Phase 1 Placer Initialization | Checksum: 136355eba

Time (s): cpu = 00:00:00.48 ; elapsed = 00:00:00.17 . Memory (MB): peak = 2895.582 ; gain = 88.043 ; free physical = 541 ; free virtual = 24425

Phase 2 Global Placement

Phase 2.1 Floorplanning
Phase 2.1 Floorplanning | Checksum: 19469b897

Time (s): cpu = 00:00:00.62 ; elapsed = 00:00:00.2 . Memory (MB): peak = 2895.582 ; gain = 88.043 ; free physical = 545 ; free virtual = 24429

Phase 2.2 Update Timing before SLR Path Opt
Phase 2.2 Update Timing before SLR Path Opt | Checksum: f509fe33

Time (s): cpu = 00:00:00.68 ; elapsed = 00:00:00.22 . Memory (MB): peak = 2895.582 ; gain = 88.043 ; free physical = 545 ; free virtual = 24429

Phase 2.3 Post-Processing in Floorplanning
Phase 2.3 Post-Processing in Floorplanning | Checksum: f509fe33

Time (s): cpu = 00:00:00.69 ; elapsed = 00:00:00.22 . Memory (MB): peak = 2895.582 ; gain = 88.043 ; free physical = 545 ; free virtual = 24429

Phase 2.4 Global Place Phase1
Phase 2.4 Global Place Phase1 | Checksum: 10f9f12bb

Time (s): cpu = 00:00:01 ; elapsed = 00:00:00.4 . Memory (MB): peak = 2895.582 ; gain = 88.043 ; free physical = 582 ; free virtual = 24467

Phase 2.5 Global Place Phase2

Phase 2.5.1 UpdateTiming Before Physical Synthesis
Phase 2.5.1 UpdateTiming Before Physical Synthesis | Checksum: 10f9f12bb

Time (s): cpu = 00:00:01 ; elapsed = 00:00:00.42 . Memory (MB): peak = 2895.582 ; gain = 88.043 ; free physical = 585 ; free virtual = 24470

Phase 2.5.2 Physical Synthesis In Placer
INFO: [Physopt 32-1035] Found 0 LUTNM shape to break, 3 LUT instances to create LUTNM shape
INFO: [Physopt 32-1044] Break lutnm for timing: one critical 0, two critical 0, total 0, new lutff created 0
INFO: [Physopt 32-1138] End 1 Pass. Optimized 1 net or LUT. Breaked 0 LUT, combined 1 existing LUT and moved 0 existing LUT
INFO: [Physopt 32-65] No nets found for high-fanout optimization.
INFO: [Physopt 32-232] Optimized 0 net. Created 0 new instance.
INFO: [Physopt 32-775] End 1 Pass. Optimized 0 net or cell. Created 0 new cell, deleted 0 existing cell and moved 0 existing cell
INFO: [Physopt 32-670] No setup violation found.  DSP Register Optimization was not performed.
INFO: [Physopt 32-670] No setup violation found.  Shift Register to Pipeline Optimization was not performed.
INFO: [Physopt 32-670] No setup violation found.  Shift Register Optimization was not performed.
INFO: [Physopt 32-670] No setup violation found.  BRAM Register Optimization was not performed.
INFO: [Physopt 32-670] No setup violation found.  URAM Register Optimization was not performed.
INFO: [Physopt 32-949] No candidate nets found for dynamic/static region interface net replication
INFO: [Physopt 32-775] End 1 Pass. Optimized 0 net or cell. Created 0 new cell, deleted 0 existing cell and moved 0 existing cell
Netlist sorting complete. Time (s): cpu = 00:00:00 ; elapsed = 00:00:00 . Memory (MB): peak = 2895.582 ; gain = 0.000 ; free physical = 577 ; free virtual = 24463

Summary of Physical Synthesis Optimizations
============================================


-----------------------------------------------------------------------------------------------------------------------------------------------------------
|  Optimization                                     |  Added Cells  |  Removed Cells  |  Optimized Cells/Nets  |  Dont Touch  |  Iterations  |  Elapsed   |
-----------------------------------------------------------------------------------------------------------------------------------------------------------
|  LUT Combining                                    |            0  |              1  |                     1  |           0  |           1  |  00:00:00  |
|  Retime                                           |            0  |              0  |                     0  |           0  |           1  |  00:00:00  |
|  Very High Fanout                                 |            0  |              0  |                     0  |           0  |           1  |  00:00:00  |
|  DSP Register                                     |            0  |              0  |                     0  |           0  |           0  |  00:00:00  |
|  Shift Register to Pipeline                       |            0  |              0  |                     0  |           0  |           0  |  00:00:00  |
|  Shift Register                                   |            0  |              0  |                     0  |           0  |           0  |  00:00:00  |
|  BRAM Register                                    |            0  |              0  |                     0  |           0  |           0  |  00:00:00  |
|  URAM Register                                    |            0  |              0  |                     0  |           0  |           0  |  00:00:00  |
|  Dynamic/Static Region Interface Net Replication  |            0  |              0  |                     0  |           0  |           1  |  00:00:00  |
|  Total                                            |            0  |              1  |                     1  |           0  |           4  |  00:00:00  |
-----------------------------------------------------------------------------------------------------------------------------------------------------------


Phase 2.5.2 Physical Synthesis In Placer | Checksum: 129259d88

Time (s): cpu = 00:00:02 ; elapsed = 00:00:00.72 . Memory (MB): peak = 2895.582 ; gain = 88.043 ; free physical = 577 ; free virtual = 24463
Phase 2.5 Global Place Phase2 | Checksum: 1886824a4

Time (s): cpu = 00:00:02 ; elapsed = 00:00:00.78 . Memory (MB): peak = 2895.582 ; gain = 88.043 ; free physical = 577 ; free virtual = 24464
Phase 2 Global Placement | Checksum: 1886824a4

Time (s): cpu = 00:00:02 ; elapsed = 00:00:00.78 . Memory (MB): peak = 2895.582 ; gain = 88.043 ; free physical = 577 ; free virtual = 24464

Phase 3 Detail Placement

Phase 3.1 Commit Multi Column Macros
Phase 3.1 Commit Multi Column Macros | Checksum: 1807dc9f7

Time (s): cpu = 00:00:02 ; elapsed = 00:00:00.78 . Memory (MB): peak = 2895.582 ; gain = 88.043 ; free physical = 577 ; free virtual = 24464

Phase 3.2 Commit Most Macros & LUTRAMs
Phase 3.2 Commit Most Macros & LUTRAMs | Checksum: 1c3e9ddff

Time (s): cpu = 00:00:02 ; elapsed = 00:00:00.81 . Memory (MB): peak = 2895.582 ; gain = 88.043 ; free physical = 576 ; free virtual = 24464

Phase 3.3 Area Swap Optimization
Phase 3.3 Area Swap Optimization | Checksum: 177193cf8

Time (s): cpu = 00:00:02 ; elapsed = 00:00:00.82 . Memory (MB): peak = 2895.582 ; gain = 88.043 ; free physical = 576 ; free virtual = 24464

Phase 3.4 Pipeline Register Optimization
Phase 3.4 Pipeline Register Optimization | Checksum: 1940d417e

Time (s): cpu = 00:00:02 ; elapsed = 00:00:00.82 . Memory (MB): peak = 2895.582 ; gain = 88.043 ; free physical = 576 ; free virtual = 24464

Phase 3.5 Small Shape Detail Placement
Phase 3.5 Small Shape Detail Placement | Checksum: 24ae5729e

Time (s): cpu = 00:00:03 ; elapsed = 00:00:00.91 . Memory (MB): peak = 2895.582 ; gain = 88.043 ; free physical = 582 ; free virtual = 24470

Phase 3.6 Re-assign LUT pins
Phase 3.6 Re-assign LUT pins | Checksum: 24ae5729e

Time (s): cpu = 00:00:03 ; elapsed = 00:00:00.91 . Memory (MB): peak = 2895.582 ; gain = 88.043 ; free physical = 582 ; free virtual = 24470

Phase 3.7 Pipeline Register Optimization
Phase 3.7 Pipeline Register Optimization | Checksum: 26fd96e24

Time (s): cpu = 00:00:03 ; elapsed = 00:00:00.92 . Memory (MB): peak = 2895.582 ; gain = 88.043 ; free physical = 582 ; free virtual = 24470
Phase 3 Detail Placement | Checksum: 26fd96e24

Time (s): cpu = 00:00:03 ; elapsed = 00:00:00.92 . Memory (MB): peak = 2895.582 ; gain = 88.043 ; free physical = 582 ; free virtual = 24470

Phase 4 Post Placement Optimization and Clean-Up

Phase 4.1 Post Commit Optimization
INFO: [Timing 38-35] Done setting XDC timing constraints.

Phase 4.1.1 Post Placement Optimization
Post Placement Optimization Initialization | Checksum: 231b6cb7d

Phase 4.1.1.1 BUFG Insertion

Starting Physical Synthesis Task

Phase 1 Physical Synthesis Initialization
INFO: [Physopt 32-721] Multithreading enabled for phys_opt_design using a maximum of 8 CPUs
INFO: [Physopt 32-619] Estimated Timing Summary | WNS=1.458 | TNS=0.000 |
Phase 1 Physical Synthesis Initialization | Checksum: 1842b8a11

Time (s): cpu = 00:00:00.02 ; elapsed = 00:00:00.01 . Memory (MB): peak = 2895.582 ; gain = 0.000 ; free physical = 582 ; free virtual = 24470
INFO: [Place 46-56] BUFG insertion identified 0 candidate nets. Inserted BUFG: 0, Replicated BUFG Driver: 0, Skipped due to Placement/Routing Conflicts: 0, Skipped due to Timing Degradation: 0, Skipped due to netlist editing failed: 0.
Ending Physical Synthesis Task | Checksum: 1fa4e3585

Time (s): cpu = 00:00:00.02 ; elapsed = 00:00:00.01 . Memory (MB): peak = 2895.582 ; gain = 0.000 ; free physical = 582 ; free virtual = 24470
Phase 4.1.1.1 BUFG Insertion | Checksum: 231b6cb7d

Time (s): cpu = 00:00:03 ; elapsed = 00:00:00.98 . Memory (MB): peak = 2895.582 ; gain = 88.043 ; free physical = 582 ; free virtual = 24470

Phase 4.1.1.2 Post Placement Timing Optimization
INFO: [Place 30-746] Post Placement Timing Summary WNS=1.458. For the most accurate timing information please run report_timing.
Phase 4.1.1.2 Post Placement Timing Optimization | Checksum: 1fd1cb7cb

Time (s): cpu = 00:00:03 ; elapsed = 00:00:00.99 . Memory (MB): peak = 2895.582 ; gain = 88.043 ; free physical = 582 ; free virtual = 24470

Time (s): cpu = 00:00:03 ; elapsed = 00:00:00.99 . Memory (MB): peak = 2895.582 ; gain = 88.043 ; free physical = 582 ; free virtual = 24470
Phase 4.1 Post Commit Optimization | Checksum: 1fd1cb7cb

Time (s): cpu = 00:00:03 ; elapsed = 00:00:00.99 . Memory (MB): peak = 2895.582 ; gain = 88.043 ; free physical = 582 ; free virtual = 24470

Phase 4.2 Post Placement Cleanup
Phase 4.2 Post Placement Cleanup | Checksum: 1fd1cb7cb

Time (s): cpu = 00:00:03 ; elapsed = 00:00:01 . Memory (MB): peak = 2895.582 ; gain = 88.043 ; free physical = 582 ; free virtual = 24470

Phase 4.3 Placer Reporting

Phase 4.3.1 Print Estimated Congestion
INFO: [Place 30-612] Post-Placement Estimated Congestion 
 ____________________________________________________
|           | Global Congestion | Short Congestion  |
| Direction | Region Size       | Region Size       |
|___________|___________________|___________________|
|      North|                1x1|                1x1|
|___________|___________________|___________________|
|      South|                1x1|                1x1|
|___________|___________________|___________________|
|       East|                1x1|                1x1|
|___________|___________________|___________________|
|       West|                1x1|                1x1|
|___________|___________________|___________________|

Phase 4.3.1 Print Estimated Congestion | Checksum: 1fd1cb7cb

Time (s): cpu = 00:00:03 ; elapsed = 00:00:01 . Memory (MB): peak = 2895.582 ; gain = 88.043 ; free physical = 582 ; free virtual = 24470
Phase 4.3 Placer Reporting | Checksum: 1fd1cb7cb

Time (s): cpu = 00:00:03 ; elapsed = 00:00:01 . Memory (MB): peak = 2895.582 ; gain = 88.043 ; free physical = 582 ; free virtual = 24470

Phase 4.4 Final Placement Cleanup
Netlist sorting complete. Time (s): cpu = 00:00:00 ; elapsed = 00:00:00 . Memory (MB): peak = 2895.582 ; gain = 0.000 ; free physical = 582 ; free virtual = 24470

Time (s): cpu = 00:00:03 ; elapsed = 00:00:01 . Memory (MB): peak = 2895.582 ; gain = 88.043 ; free physical = 582 ; free virtual = 24470
Phase 4 Post Placement Optimization and Clean-Up | Checksum: 1d03898a1

Time (s): cpu = 00:00:03 ; elapsed = 00:00:01 . Memory (MB): peak = 2895.582 ; gain = 88.043 ; free physical = 582 ; free virtual = 24470
Ending Placer Task | Checksum: 14bc899d4

Time (s): cpu = 00:00:03 ; elapsed = 00:00:01 . Memory (MB): peak = 2895.582 ; gain = 88.043 ; free physical = 582 ; free virtual = 24470
65 Infos, 4 Warnings, 0 Critical Warnings and 0 Errors encountered.
place_design completed successfully
INFO: [Vivado 12-24838] Running report commands "report_control_sets, report_io, report_utilization" in parallel.
Running report generation with 3 threads.
INFO: [Vivado 12-24828] Executing command : report_control_sets -verbose -file SRAM_wrapper_control_sets_placed.rpt
report_control_sets: Time (s): cpu = 00:00:00.05 ; elapsed = 00:00:00.13 . Memory (MB): peak = 2895.582 ; gain = 0.000 ; free physical = 562 ; free virtual = 24450
INFO: [Vivado 12-24828] Executing command : report_utilization -file SRAM_wrapper_utilization_placed.rpt -pb SRAM_wrapper_utilization_placed.pb
INFO: [Vivado 12-24828] Executing command : report_io -file SRAM_wrapper_io_placed.rpt
report_io: Time (s): cpu = 00:00:00.14 ; elapsed = 00:00:00.3 . Memory (MB): peak = 2895.582 ; gain = 0.000 ; free physical = 561 ; free virtual = 24449
INFO: [Timing 38-480] Writing timing data to binary archive.
Write ShapeDB Complete: Time (s): cpu = 00:00:00 ; elapsed = 00:00:00 . Memory (MB): peak = 2895.582 ; gain = 0.000 ; free physical = 561 ; free virtual = 24449
Wrote PlaceDB: Time (s): cpu = 00:00:00.01 ; elapsed = 00:00:00 . Memory (MB): peak = 2895.582 ; gain = 0.000 ; free physical = 561 ; free virtual = 24449
Wrote PulsedLatchDB: Time (s): cpu = 00:00:00 ; elapsed = 00:00:00 . Memory (MB): peak = 2895.582 ; gain = 0.000 ; free physical = 561 ; free virtual = 24449
Writing XDEF routing.
Writing XDEF routing logical nets.
Writing XDEF routing special nets.
Wrote RouteStorage: Time (s): cpu = 00:00:00.06 ; elapsed = 00:00:00.03 . Memory (MB): peak = 2895.582 ; gain = 0.000 ; free physical = 561 ; free virtual = 24450
Wrote Netlist Cache: Time (s): cpu = 00:00:00 ; elapsed = 00:00:00 . Memory (MB): peak = 2895.582 ; gain = 0.000 ; free physical = 561 ; free virtual = 24450
Wrote Device Cache: Time (s): cpu = 00:00:00.02 ; elapsed = 00:00:00.01 . Memory (MB): peak = 2895.582 ; gain = 0.000 ; free physical = 561 ; free virtual = 24450
Write Physdb Complete: Time (s): cpu = 00:00:00.1 ; elapsed = 00:00:00.05 . Memory (MB): peak = 2895.582 ; gain = 0.000 ; free physical = 560 ; free virtual = 24449
INFO: [Common 17-1381] The checkpoint '/home/minami/Coding_IPDesign/IP_lecture/SRAM_Wrapper/SRAM_wrapper/SRAM_wrapper.runs/impl_1/SRAM_wrapper_placed.dcp' has been generated.
Command: phys_opt_design
Attempting to get a license for feature 'Implementation' and/or device 'xc7z010i'
INFO: [Common 17-349] Got license for feature 'Implementation' and/or device 'xc7z010i'

Starting Initial Update Timing Task
WARNING: [Timing 38-242] The property HD.CLK_SRC of clock port "clk" is not set. In out-of-context mode, this prevents timing estimation for clock delay/skew
Resolution: Set the HD.CLK_SRC property of the out-of-context port to the location of the clock buffer instance in the top-level design

Time (s): cpu = 00:00:00.02 ; elapsed = 00:00:00.03 . Memory (MB): peak = 2895.582 ; gain = 0.000 ; free physical = 561 ; free virtual = 24450
INFO: [Vivado_Tcl 4-2279] Estimated Timing Summary | WNS= 1.458 | TNS= 0.000 | 
INFO: [Vivado_Tcl 4-383] Design worst setup slack (WNS) is greater than or equal to 0.000 ns. All physical synthesis setup optimizations will be skipped.
INFO: [Vivado_Tcl 4-232] No setup violation found. The netlist was not modified.
INFO: [Common 17-83] Releasing license: Implementation
76 Infos, 5 Warnings, 0 Critical Warnings and 0 Errors encountered.
phys_opt_design completed successfully
INFO: [Timing 38-480] Writing timing data to binary archive.
Write ShapeDB Complete: Time (s): cpu = 00:00:00 ; elapsed = 00:00:00 . Memory (MB): peak = 2895.582 ; gain = 0.000 ; free physical = 561 ; free virtual = 24450
Wrote PlaceDB: Time (s): cpu = 00:00:00 ; elapsed = 00:00:00 . Memory (MB): peak = 2895.582 ; gain = 0.000 ; free physical = 561 ; free virtual = 24450
Wrote PulsedLatchDB: Time (s): cpu = 00:00:00 ; elapsed = 00:00:00 . Memory (MB): peak = 2895.582 ; gain = 0.000 ; free physical = 561 ; free virtual = 24450
Writing XDEF routing.
Writing XDEF routing logical nets.
Writing XDEF routing special nets.
Wrote RouteStorage: Time (s): cpu = 00:00:00.06 ; elapsed = 00:00:00.03 . Memory (MB): peak = 2895.582 ; gain = 0.000 ; free physical = 561 ; free virtual = 24450
Wrote Netlist Cache: Time (s): cpu = 00:00:00 ; elapsed = 00:00:00 . Memory (MB): peak = 2895.582 ; gain = 0.000 ; free physical = 561 ; free virtual = 24450
Wrote Device Cache: Time (s): cpu = 00:00:00.02 ; elapsed = 00:00:00.02 . Memory (MB): peak = 2895.582 ; gain = 0.000 ; free physical = 561 ; free virtual = 24451
Write Physdb Complete: Time (s): cpu = 00:00:00.1 ; elapsed = 00:00:00.05 . Memory (MB): peak = 2895.582 ; gain = 0.000 ; free physical = 561 ; free virtual = 24451
INFO: [Common 17-1381] The checkpoint '/home/minami/Coding_IPDesign/IP_lecture/SRAM_Wrapper/SRAM_wrapper/SRAM_wrapper.runs/impl_1/SRAM_wrapper_physopt.dcp' has been generated.
Command: route_design
Attempting to get a license for feature 'Implementation' and/or device 'xc7z010i'
INFO: [Common 17-349] Got license for feature 'Implementation' and/or device 'xc7z010i'


Starting Routing Task
INFO: [Route 35-254] Multithreading enabled for route_design using a maximum of 8 CPUs

Phase 1 Build RT Design
Checksum: PlaceDB: c59466c8 ConstDB: 0 ShapeSum: 1c9bdbe1 RouteDB: 6998572b
WARNING: [Route 35-197] Clock port "clk" does not have an associated HD.CLK_SRC. Without this constraint, timing analysis may not be accurate and upstream checks cannot be done to ensure correct clock placement.
WARNING: [Route 35-198] Port "ad[0]" does not have an associated HD.PARTPIN_LOCS, which will prevent the partial routing of the signal "ad[0]". Without this partial route, timing analysis to/from this port will not be accurate, and no routing information for this port can be exported.
WARNING: [Route 35-198] Port "ad[1]" does not have an associated HD.PARTPIN_LOCS, which will prevent the partial routing of the signal "ad[1]". Without this partial route, timing analysis to/from this port will not be accurate, and no routing information for this port can be exported.
WARNING: [Route 35-198] Port "ad[2]" does not have an associated HD.PARTPIN_LOCS, which will prevent the partial routing of the signal "ad[2]". Without this partial route, timing analysis to/from this port will not be accurate, and no routing information for this port can be exported.
WARNING: [Route 35-198] Port "ad[3]" does not have an associated HD.PARTPIN_LOCS, which will prevent the partial routing of the signal "ad[3]". Without this partial route, timing analysis to/from this port will not be accurate, and no routing information for this port can be exported.
WARNING: [Route 35-198] Port "ad[4]" does not have an associated HD.PARTPIN_LOCS, which will prevent the partial routing of the signal "ad[4]". Without this partial route, timing analysis to/from this port will not be accurate, and no routing information for this port can be exported.
WARNING: [Route 35-198] Port "ad[5]" does not have an associated HD.PARTPIN_LOCS, which will prevent the partial routing of the signal "ad[5]". Without this partial route, timing analysis to/from this port will not be accurate, and no routing information for this port can be exported.
WARNING: [Route 35-198] Port "din[0]" does not have an associated HD.PARTPIN_LOCS, which will prevent the partial routing of the signal "din[0]". Without this partial route, timing analysis to/from this port will not be accurate, and no routing information for this port can be exported.
WARNING: [Route 35-198] Port "din[1]" does not have an associated HD.PARTPIN_LOCS, which will prevent the partial routing of the signal "din[1]". Without this partial route, timing analysis to/from this port will not be accurate, and no routing information for this port can be exported.
WARNING: [Route 35-198] Port "din[2]" does not have an associated HD.PARTPIN_LOCS, which will prevent the partial routing of the signal "din[2]". Without this partial route, timing analysis to/from this port will not be accurate, and no routing information for this port can be exported.
WARNING: [Route 35-198] Port "din[3]" does not have an associated HD.PARTPIN_LOCS, which will prevent the partial routing of the signal "din[3]". Without this partial route, timing analysis to/from this port will not be accurate, and no routing information for this port can be exported.
WARNING: [Route 35-198] Port "we" does not have an associated HD.PARTPIN_LOCS, which will prevent the partial routing of the signal "we". Without this partial route, timing analysis to/from this port will not be accurate, and no routing information for this port can be exported.
WARNING: [Route 35-198] Port "cs" does not have an associated HD.PARTPIN_LOCS, which will prevent the partial routing of the signal "cs". Without this partial route, timing analysis to/from this port will not be accurate, and no routing information for this port can be exported.
WARNING: [Route 35-198] Port "din[4]" does not have an associated HD.PARTPIN_LOCS, which will prevent the partial routing of the signal "din[4]". Without this partial route, timing analysis to/from this port will not be accurate, and no routing information for this port can be exported.
WARNING: [Route 35-198] Port "din[5]" does not have an associated HD.PARTPIN_LOCS, which will prevent the partial routing of the signal "din[5]". Without this partial route, timing analysis to/from this port will not be accurate, and no routing information for this port can be exported.
WARNING: [Route 35-198] Port "din[6]" does not have an associated HD.PARTPIN_LOCS, which will prevent the partial routing of the signal "din[6]". Without this partial route, timing analysis to/from this port will not be accurate, and no routing information for this port can be exported.
WARNING: [Route 35-198] Port "din[7]" does not have an associated HD.PARTPIN_LOCS, which will prevent the partial routing of the signal "din[7]". Without this partial route, timing analysis to/from this port will not be accurate, and no routing information for this port can be exported.
WARNING: [Constraints 18-8777] Unable to split tiles. All required files are not available.
Post Restoration Checksum: NetGraph: 7b756fa7 | NumContArr: 3e3ff662 | Constraints: c2a8fa9d | Timing: c2a8fa9d
Phase 1 Build RT Design | Checksum: 23f075b43

Time (s): cpu = 00:00:14 ; elapsed = 00:00:13 . Memory (MB): peak = 2895.582 ; gain = 0.000 ; free physical = 604 ; free virtual = 24364

Phase 2 Router Initialization

Phase 2.1 Fix Topology Constraints
Phase 2.1 Fix Topology Constraints | Checksum: 23f075b43

Time (s): cpu = 00:00:14 ; elapsed = 00:00:13 . Memory (MB): peak = 2895.582 ; gain = 0.000 ; free physical = 604 ; free virtual = 24364

Phase 2.2 Pre Route Cleanup
Phase 2.2 Pre Route Cleanup | Checksum: 23f075b43

Time (s): cpu = 00:00:14 ; elapsed = 00:00:13 . Memory (MB): peak = 2895.582 ; gain = 0.000 ; free physical = 604 ; free virtual = 24364
 Number of Nodes with overlaps = 0

Phase 2.3 Update Timing
Phase 2.3 Update Timing | Checksum: 19da4fe76

Time (s): cpu = 00:00:14 ; elapsed = 00:00:13 . Memory (MB): peak = 2895.582 ; gain = 0.000 ; free physical = 595 ; free virtual = 24355
INFO: [Route 35-416] Intermediate Timing Summary | WNS=1.622  | TNS=0.000  | WHS=0.143  | THS=0.000  |


Phase 2.4 Soft Constraint Pins - Fast Budgeting
Phase 2.4 Soft Constraint Pins - Fast Budgeting | Checksum: 1ef1c7521

Time (s): cpu = 00:00:15 ; elapsed = 00:00:13 . Memory (MB): peak = 2920.633 ; gain = 25.051 ; free physical = 587 ; free virtual = 24347

Router Utilization Summary
  Global Vertical Routing Utilization    = 0 %
  Global Horizontal Routing Utilization  = 0 %
  Routable Net Status*
  *Does not include unroutable nets such as driverless and loadless.
  Run report_route_status for detailed report.
  Number of Failed Nets               = 11
    (Failed Nets is the sum of unrouted and partially routed nets)
  Number of Unrouted Nets             = 11
  Number of Partially Routed Nets     = 0
  Number of Node Overlaps             = 0

Phase 2 Router Initialization | Checksum: 1ef1c7521

Time (s): cpu = 00:00:15 ; elapsed = 00:00:13 . Memory (MB): peak = 2920.633 ; gain = 25.051 ; free physical = 587 ; free virtual = 24347

Phase 3 Global Routing
Phase 3 Global Routing | Checksum: 1ef1c7521

Time (s): cpu = 00:00:15 ; elapsed = 00:00:13 . Memory (MB): peak = 2920.633 ; gain = 25.051 ; free physical = 587 ; free virtual = 24347

Phase 4 Initial Routing

Phase 4.1 Initial Net Routing Pass
 Number of Nodes with overlaps = 0
Phase 4.1 Initial Net Routing Pass | Checksum: 2b6eb1afa

Time (s): cpu = 00:00:15 ; elapsed = 00:00:13 . Memory (MB): peak = 2920.633 ; gain = 25.051 ; free physical = 587 ; free virtual = 24348
Phase 4 Initial Routing | Checksum: 2b6eb1afa

Time (s): cpu = 00:00:15 ; elapsed = 00:00:13 . Memory (MB): peak = 2920.633 ; gain = 25.051 ; free physical = 587 ; free virtual = 24348

Phase 5 Rip-up And Reroute

Phase 5.1 Global Iteration 0
INFO: [Route 35-416] Intermediate Timing Summary | WNS=1.515  | TNS=0.000  | WHS=N/A    | THS=N/A    |

Phase 5.1 Global Iteration 0 | Checksum: 2b4ac2088

Time (s): cpu = 00:00:15 ; elapsed = 00:00:13 . Memory (MB): peak = 2920.633 ; gain = 25.051 ; free physical = 587 ; free virtual = 24348
Phase 5 Rip-up And Reroute | Checksum: 2b4ac2088

Time (s): cpu = 00:00:15 ; elapsed = 00:00:13 . Memory (MB): peak = 2920.633 ; gain = 25.051 ; free physical = 587 ; free virtual = 24348

Phase 6 Delay and Skew Optimization

Phase 6.1 Delay CleanUp
Phase 6.1 Delay CleanUp | Checksum: 2b4ac2088

Time (s): cpu = 00:00:15 ; elapsed = 00:00:13 . Memory (MB): peak = 2920.633 ; gain = 25.051 ; free physical = 587 ; free virtual = 24348

Phase 6.2 Clock Skew Optimization
Phase 6.2 Clock Skew Optimization | Checksum: 2b4ac2088

Time (s): cpu = 00:00:15 ; elapsed = 00:00:13 . Memory (MB): peak = 2920.633 ; gain = 25.051 ; free physical = 587 ; free virtual = 24348
Phase 6 Delay and Skew Optimization | Checksum: 2b4ac2088

Time (s): cpu = 00:00:15 ; elapsed = 00:00:13 . Memory (MB): peak = 2920.633 ; gain = 25.051 ; free physical = 587 ; free virtual = 24348

Phase 7 Post Hold Fix

Phase 7.1 Hold Fix Iter
INFO: [Route 35-416] Intermediate Timing Summary | WNS=1.515  | TNS=0.000  | WHS=0.117  | THS=0.000  |

Phase 7.1 Hold Fix Iter | Checksum: 2bd237f81

Time (s): cpu = 00:00:15 ; elapsed = 00:00:13 . Memory (MB): peak = 2920.633 ; gain = 25.051 ; free physical = 587 ; free virtual = 24348
Phase 7 Post Hold Fix | Checksum: 2bd237f81

Time (s): cpu = 00:00:15 ; elapsed = 00:00:13 . Memory (MB): peak = 2920.633 ; gain = 25.051 ; free physical = 587 ; free virtual = 24348

Phase 8 Route finalize

Router Utilization Summary
  Global Vertical Routing Utilization    = 0.00182995 %
  Global Horizontal Routing Utilization  = 0.00137868 %
  Routable Net Status*
  *Does not include unroutable nets such as driverless and loadless.
  Run report_route_status for detailed report.
  Number of Failed Nets               = 0
    (Failed Nets is the sum of unrouted and partially routed nets)
  Number of Unrouted Nets             = 0
  Number of Partially Routed Nets     = 0
  Number of Node Overlaps             = 0

Phase 8 Route finalize | Checksum: 2bd237f81

Time (s): cpu = 00:00:15 ; elapsed = 00:00:13 . Memory (MB): peak = 2920.633 ; gain = 25.051 ; free physical = 587 ; free virtual = 24348

Phase 9 Verifying routed nets

 Verification completed successfully
Phase 9 Verifying routed nets | Checksum: 2bd237f81

Time (s): cpu = 00:00:15 ; elapsed = 00:00:13 . Memory (MB): peak = 2920.633 ; gain = 25.051 ; free physical = 587 ; free virtual = 24348

Phase 10 Depositing Routes
Phase 10 Depositing Routes | Checksum: 2bd237f81

Time (s): cpu = 00:00:15 ; elapsed = 00:00:13 . Memory (MB): peak = 2920.633 ; gain = 25.051 ; free physical = 587 ; free virtual = 24348

Phase 11 Post Process Routing
Phase 11 Post Process Routing | Checksum: 2bd237f81

Time (s): cpu = 00:00:15 ; elapsed = 00:00:13 . Memory (MB): peak = 2920.633 ; gain = 25.051 ; free physical = 587 ; free virtual = 24348

Phase 12 Post Router Timing
INFO: [Route 35-57] Estimated Timing Summary | WNS=1.515  | TNS=0.000  | WHS=0.117  | THS=0.000  |

INFO: [Route 35-327] The final timing numbers are based on the router estimated timing analysis. For a complete and accurate timing signoff, please run report_timing_summary.
Phase 12 Post Router Timing | Checksum: 2bd237f81

Time (s): cpu = 00:00:15 ; elapsed = 00:00:13 . Memory (MB): peak = 2920.633 ; gain = 25.051 ; free physical = 587 ; free virtual = 24348
Total Elapsed time in route_design: 13.11 secs

Phase 13 Post-Route Event Processing
Phase 13 Post-Route Event Processing | Checksum: 15c95e73d

Time (s): cpu = 00:00:15 ; elapsed = 00:00:13 . Memory (MB): peak = 2920.633 ; gain = 25.051 ; free physical = 587 ; free virtual = 24348
INFO: [Route 35-16] Router Completed Successfully
Ending Routing Task | Checksum: 15c95e73d

Time (s): cpu = 00:00:15 ; elapsed = 00:00:13 . Memory (MB): peak = 2920.633 ; gain = 25.051 ; free physical = 587 ; free virtual = 24348

Routing Is Done.
INFO: [Common 17-83] Releasing license: Implementation
87 Infos, 23 Warnings, 0 Critical Warnings and 0 Errors encountered.
route_design completed successfully
route_design: Time (s): cpu = 00:00:15 ; elapsed = 00:00:13 . Memory (MB): peak = 2920.633 ; gain = 25.051 ; free physical = 587 ; free virtual = 24348
INFO: [Vivado 12-24828] Executing command : report_drc -file SRAM_wrapper_drc_routed.rpt -pb SRAM_wrapper_drc_routed.pb -rpx SRAM_wrapper_drc_routed.rpx
Command: report_drc -file SRAM_wrapper_drc_routed.rpt -pb SRAM_wrapper_drc_routed.pb -rpx SRAM_wrapper_drc_routed.rpx
INFO: [IP_Flow 19-1839] IP Catalog is up to date.
INFO: [DRC 23-27] Running DRC with 8 threads
WARNING: [DRC 23-814] Not all possible (connectivity based) DRCs may have been run because this design is seen as Out of Context.
INFO: [Vivado_Tcl 2-168] The results of DRC are in file /home/minami/Coding_IPDesign/IP_lecture/SRAM_Wrapper/SRAM_wrapper/SRAM_wrapper.runs/impl_1/SRAM_wrapper_drc_routed.rpt.
report_drc completed successfully
INFO: [Vivado 12-24828] Executing command : report_methodology -file SRAM_wrapper_methodology_drc_routed.rpt -pb SRAM_wrapper_methodology_drc_routed.pb -rpx SRAM_wrapper_methodology_drc_routed.rpx
Command: report_methodology -file SRAM_wrapper_methodology_drc_routed.rpt -pb SRAM_wrapper_methodology_drc_routed.pb -rpx SRAM_wrapper_methodology_drc_routed.rpx
INFO: [Timing 38-35] Done setting XDC timing constraints.
WARNING: [Timing 38-242] The property HD.CLK_SRC of clock port "clk" is not set. In out-of-context mode, this prevents timing estimation for clock delay/skew
Resolution: Set the HD.CLK_SRC property of the out-of-context port to the location of the clock buffer instance in the top-level design
INFO: [DRC 23-133] Running Methodology with 8 threads
WARNING: [DRC 23-814] Not all possible (connectivity based) DRCs may have been run because this design is seen as Out of Context.
INFO: [Vivado_Tcl 2-1520] The results of Report Methodology are in file /home/minami/Coding_IPDesign/IP_lecture/SRAM_Wrapper/SRAM_wrapper/SRAM_wrapper.runs/impl_1/SRAM_wrapper_methodology_drc_routed.rpt.
report_methodology completed successfully
INFO: [Vivado 12-24828] Executing command : report_timing_summary -max_paths 10 -routable_nets -report_unconstrained -file SRAM_wrapper_timing_summary_routed.rpt -pb SRAM_wrapper_timing_summary_routed.pb -rpx SRAM_wrapper_timing_summary_routed.rpx -warn_on_violation 
INFO: [Timing 38-35] Done setting XDC timing constraints.
INFO: [Timing 38-91] UpdateTimingParams: Speed grade: -1L, Delay Type: min_max.
INFO: [Timing 38-191] Multithreading enabled for timing update using a maximum of 8 CPUs
INFO: [Vivado 12-24838] Running report commands "report_bus_skew, report_incremental_reuse, report_route_status" in parallel.
Running report generation with 3 threads.
INFO: [Vivado 12-24828] Executing command : report_route_status -file SRAM_wrapper_route_status.rpt -pb SRAM_wrapper_route_status.pb
INFO: [Vivado 12-24828] Executing command : report_incremental_reuse -file SRAM_wrapper_incremental_reuse_routed.rpt
INFO: [Vivado_Tcl 4-1062] Incremental flow is disabled. No incremental reuse Info to report.
INFO: [Vivado 12-24828] Executing command : report_bus_skew -warn_on_violation -file SRAM_wrapper_bus_skew_routed.rpt -pb SRAM_wrapper_bus_skew_routed.pb -rpx SRAM_wrapper_bus_skew_routed.rpx
INFO: [Timing 38-91] UpdateTimingParams: Speed grade: -1L, Delay Type: min_max.
INFO: [Timing 38-191] Multithreading enabled for timing update using a maximum of 8 CPUs
INFO: [Vivado 12-24828] Executing command : report_power -file SRAM_wrapper_power_routed.rpt -pb SRAM_wrapper_power_summary_routed.pb -rpx SRAM_wrapper_power_routed.rpx
Command: report_power -file SRAM_wrapper_power_routed.rpt -pb SRAM_wrapper_power_summary_routed.pb -rpx SRAM_wrapper_power_routed.rpx
Running Vector-less Activity Propagation...

Finished Running Vector-less Activity Propagation
107 Infos, 26 Warnings, 0 Critical Warnings and 0 Errors encountered.
report_power completed successfully
INFO: [Vivado 12-24828] Executing command : report_clock_utilization -file SRAM_wrapper_clock_utilization_routed.rpt
INFO: [Timing 38-480] Writing timing data to binary archive.
Write ShapeDB Complete: Time (s): cpu = 00:00:00 ; elapsed = 00:00:00 . Memory (MB): peak = 3017.219 ; gain = 0.000 ; free physical = 568 ; free virtual = 24329
Wrote PlaceDB: Time (s): cpu = 00:00:00.01 ; elapsed = 00:00:00 . Memory (MB): peak = 3017.219 ; gain = 0.000 ; free physical = 568 ; free virtual = 24329
Wrote PulsedLatchDB: Time (s): cpu = 00:00:00 ; elapsed = 00:00:00 . Memory (MB): peak = 3017.219 ; gain = 0.000 ; free physical = 568 ; free virtual = 24329
Writing XDEF routing.
Writing XDEF routing logical nets.
Writing XDEF routing special nets.
Wrote RouteStorage: Time (s): cpu = 00:00:00.06 ; elapsed = 00:00:00.03 . Memory (MB): peak = 3017.219 ; gain = 0.000 ; free physical = 568 ; free virtual = 24329
Wrote Netlist Cache: Time (s): cpu = 00:00:00 ; elapsed = 00:00:00 . Memory (MB): peak = 3017.219 ; gain = 0.000 ; free physical = 568 ; free virtual = 24329
Wrote Device Cache: Time (s): cpu = 00:00:00.02 ; elapsed = 00:00:00.01 . Memory (MB): peak = 3017.219 ; gain = 0.000 ; free physical = 568 ; free virtual = 24330
Write Physdb Complete: Time (s): cpu = 00:00:00.1 ; elapsed = 00:00:00.05 . Memory (MB): peak = 3017.219 ; gain = 0.000 ; free physical = 568 ; free virtual = 24330
INFO: [Common 17-1381] The checkpoint '/home/minami/Coding_IPDesign/IP_lecture/SRAM_Wrapper/SRAM_wrapper/SRAM_wrapper.runs/impl_1/SRAM_wrapper_routed.dcp' has been generated.
INFO: [Common 17-206] Exiting Vivado at Thu Feb  5 13:51:06 2026...
