
*** Running vivado
    with args -log hamming_logic_encoder.vdi -applog -m64 -product Vivado -messageDb vivado.pb -mode batch -source hamming_logic_encoder.tcl -notrace


****** Vivado v2025.1 (64-bit)
  **** SW Build 6140274 on Wed May 21 22:58:25 MDT 2025
  **** IP Build 6138677 on Thu May 22 03:10:11 MDT 2025
  **** SharedData Build 6139179 on Tue May 20 17:58:58 MDT 2025
  **** Start of session at: Wed Mar 18 08:31:09 2026
    ** Copyright 1986-2022 Xilinx, Inc. All Rights Reserved.
    ** Copyright 2022-2025 Advanced Micro Devices, Inc. All Rights Reserved.

source hamming_logic_encoder.tcl -notrace
Command: link_design -top hamming_logic_encoder -part xc7z010iclg225-1L
Design is defaulting to srcset: sources_1
Design is defaulting to constrset: constrs_1
INFO: [Device 21-403] Loading part xc7z010iclg225-1L
Netlist sorting complete. Time (s): cpu = 00:00:00 ; elapsed = 00:00:00 . Memory (MB): peak = 1686.746 ; gain = 0.000 ; free physical = 21526 ; free virtual = 30333
INFO: [Project 1-479] Netlist was created with Vivado 2025.1
INFO: [Project 1-570] Preparing netlist for logic optimization
INFO: [Opt 31-138] Pushed 0 inverter(s) to 0 load pin(s).
Netlist sorting complete. Time (s): cpu = 00:00:00 ; elapsed = 00:00:00 . Memory (MB): peak = 1793.445 ; gain = 0.000 ; free physical = 21435 ; free virtual = 30242
INFO: [Project 1-111] Unisim Transformation Summary:
No Unisim elements were transformed.

5 Infos, 0 Warnings, 0 Critical Warnings and 0 Errors encountered.
link_design completed successfully
link_design: Time (s): cpu = 00:00:05 ; elapsed = 00:00:05 . Memory (MB): peak = 1800.418 ; gain = 285.961 ; free physical = 21427 ; free virtual = 30234
Command: opt_design
Attempting to get a license for feature 'Implementation' and/or device 'xc7z010i'
INFO: [Common 17-349] Got license for feature 'Implementation' and/or device 'xc7z010i'
Running DRC as a precondition to command opt_design

Starting DRC Task
INFO: [DRC 23-27] Running DRC with 8 threads
INFO: [Project 1-461] DRC finished with 0 Errors
INFO: [Project 1-462] Please refer to the DRC report (report_drc) for more information.

Time (s): cpu = 00:00:02 ; elapsed = 00:00:00.58 . Memory (MB): peak = 2008.883 ; gain = 208.465 ; free physical = 21362 ; free virtual = 30170

Starting Cache Timing Information Task
INFO: [Timing 38-35] Done setting XDC timing constraints.
Ending Cache Timing Information Task | Checksum: d64db895

Time (s): cpu = 00:00:08 ; elapsed = 00:00:08 . Memory (MB): peak = 2383.836 ; gain = 374.953 ; free physical = 20963 ; free virtual = 29770

Starting Logic Optimization Task

Phase 1 Initialization

Phase 1.1 Core Generation And Design Setup
Phase 1.1 Core Generation And Design Setup | Checksum: d64db895

Time (s): cpu = 00:00:00 ; elapsed = 00:00:00.01 . Memory (MB): peak = 2746.672 ; gain = 0.000 ; free physical = 20610 ; free virtual = 29417

Phase 1.2 Setup Constraints And Sort Netlist
Phase 1.2 Setup Constraints And Sort Netlist | Checksum: d64db895

Time (s): cpu = 00:00:00 ; elapsed = 00:00:00.01 . Memory (MB): peak = 2746.672 ; gain = 0.000 ; free physical = 20610 ; free virtual = 29417
Phase 1 Initialization | Checksum: d64db895

Time (s): cpu = 00:00:00 ; elapsed = 00:00:00.01 . Memory (MB): peak = 2746.672 ; gain = 0.000 ; free physical = 20610 ; free virtual = 29417

Phase 2 Timer Update And Timing Data Collection

Phase 2.1 Timer Update
Phase 2.1 Timer Update | Checksum: d64db895

Time (s): cpu = 00:00:00.01 ; elapsed = 00:00:00.01 . Memory (MB): peak = 2746.672 ; gain = 0.000 ; free physical = 20610 ; free virtual = 29417

Phase 2.2 Timing Data Collection
Phase 2.2 Timing Data Collection | Checksum: d64db895

Time (s): cpu = 00:00:00.01 ; elapsed = 00:00:00.02 . Memory (MB): peak = 2746.672 ; gain = 0.000 ; free physical = 20610 ; free virtual = 29417
Phase 2 Timer Update And Timing Data Collection | Checksum: d64db895

Time (s): cpu = 00:00:00.01 ; elapsed = 00:00:00.02 . Memory (MB): peak = 2746.672 ; gain = 0.000 ; free physical = 20610 ; free virtual = 29417

Phase 3 Retarget
INFO: [Opt 31-1851] Number of loadless carry chains removed were: 0
INFO: [Opt 31-1834] Total Chains To Be Transformed Were: 0 AND Number of Transformed insts Created are: 0
INFO: [Opt 31-138] Pushed 0 inverter(s) to 0 load pin(s).
INFO: [Opt 31-49] Retargeted 0 cell(s).
Phase 3 Retarget | Checksum: d64db895

Time (s): cpu = 00:00:00.02 ; elapsed = 00:00:00.03 . Memory (MB): peak = 2746.672 ; gain = 0.000 ; free physical = 20610 ; free virtual = 29417
Retarget | Checksum: d64db895
INFO: [Opt 31-389] Phase Retarget created 0 cells and removed 0 cells

Phase 4 Constant propagation
INFO: [Opt 31-138] Pushed 0 inverter(s) to 0 load pin(s).
Phase 4 Constant propagation | Checksum: d64db895

Time (s): cpu = 00:00:00.03 ; elapsed = 00:00:00.03 . Memory (MB): peak = 2746.672 ; gain = 0.000 ; free physical = 20610 ; free virtual = 29417
Constant propagation | Checksum: d64db895
INFO: [Opt 31-389] Phase Constant propagation created 0 cells and removed 0 cells

Phase 5 Sweep
INFO: [Constraints 18-11670] Building netlist checker database with flags, 0x8
Done building netlist checker database: Time (s): cpu = 00:00:00 ; elapsed = 00:00:00 . Memory (MB): peak = 2746.672 ; gain = 0.000 ; free physical = 20610 ; free virtual = 29417
Phase 5 Sweep | Checksum: d64db895

Time (s): cpu = 00:00:00.03 ; elapsed = 00:00:00.04 . Memory (MB): peak = 2746.672 ; gain = 0.000 ; free physical = 20610 ; free virtual = 29417
Sweep | Checksum: d64db895
INFO: [Opt 31-389] Phase Sweep created 0 cells and removed 0 cells

Phase 6 BUFG optimization
Phase 6 BUFG optimization | Checksum: d64db895

Time (s): cpu = 00:00:00.04 ; elapsed = 00:00:00.05 . Memory (MB): peak = 2778.688 ; gain = 32.016 ; free physical = 20612 ; free virtual = 29420
BUFG optimization | Checksum: d64db895
INFO: [Opt 31-662] Phase BUFG optimization created 0 cells of which 0 are BUFGs and removed 0 cells.

Phase 7 Shift Register Optimization
INFO: [Opt 31-1064] SRL Remap converted 0 SRLs to 0 registers and converted 0 registers of register chains to 0 SRLs
Phase 7 Shift Register Optimization | Checksum: d64db895

Time (s): cpu = 00:00:00.04 ; elapsed = 00:00:00.05 . Memory (MB): peak = 2778.688 ; gain = 32.016 ; free physical = 20612 ; free virtual = 29420
Shift Register Optimization | Checksum: d64db895
INFO: [Opt 31-389] Phase Shift Register Optimization created 0 cells and removed 0 cells

Phase 8 Post Processing Netlist
Phase 8 Post Processing Netlist | Checksum: d64db895

Time (s): cpu = 00:00:00.04 ; elapsed = 00:00:00.05 . Memory (MB): peak = 2778.688 ; gain = 32.016 ; free physical = 20612 ; free virtual = 29420
Post Processing Netlist | Checksum: d64db895
INFO: [Opt 31-389] Phase Post Processing Netlist created 0 cells and removed 0 cells

Phase 9 Finalization

Phase 9.1 Finalizing Design Cores and Updating Shapes
Phase 9.1 Finalizing Design Cores and Updating Shapes | Checksum: d64db895

Time (s): cpu = 00:00:00.04 ; elapsed = 00:00:00.05 . Memory (MB): peak = 2778.688 ; gain = 32.016 ; free physical = 20612 ; free virtual = 29420

Phase 9.2 Verifying Netlist Connectivity

Starting Connectivity Check Task

Time (s): cpu = 00:00:00 ; elapsed = 00:00:00 . Memory (MB): peak = 2778.688 ; gain = 0.000 ; free physical = 20613 ; free virtual = 29421
Phase 9.2 Verifying Netlist Connectivity | Checksum: d64db895

Time (s): cpu = 00:00:00.04 ; elapsed = 00:00:00.06 . Memory (MB): peak = 2778.688 ; gain = 32.016 ; free physical = 20613 ; free virtual = 29421
Phase 9 Finalization | Checksum: d64db895

Time (s): cpu = 00:00:00.04 ; elapsed = 00:00:00.06 . Memory (MB): peak = 2778.688 ; gain = 32.016 ; free physical = 20613 ; free virtual = 29421
Opt_design Change Summary
=========================


-------------------------------------------------------------------------------------------------------------------------
|  Phase                        |  #Cells created  |  #Cells Removed  |  #Constrained objects preventing optimizations  |
-------------------------------------------------------------------------------------------------------------------------
|  Retarget                     |               0  |               0  |                                              0  |
|  Constant propagation         |               0  |               0  |                                              0  |
|  Sweep                        |               0  |               0  |                                              0  |
|  BUFG optimization            |               0  |               0  |                                              0  |
|  Shift Register Optimization  |               0  |               0  |                                              0  |
|  Post Processing Netlist      |               0  |               0  |                                              0  |
-------------------------------------------------------------------------------------------------------------------------


Ending Logic Optimization Task | Checksum: d64db895

Time (s): cpu = 00:00:00.04 ; elapsed = 00:00:00.06 . Memory (MB): peak = 2778.688 ; gain = 32.016 ; free physical = 20613 ; free virtual = 29421

Starting Power Optimization Task
INFO: [Pwropt 34-132] Skipping clock gating for clocks with a period < 2.00 ns.
Ending Power Optimization Task | Checksum: d64db895

Time (s): cpu = 00:00:00.01 ; elapsed = 00:00:00 . Memory (MB): peak = 2778.688 ; gain = 0.000 ; free physical = 20613 ; free virtual = 29421

Starting Final Cleanup Task
Ending Final Cleanup Task | Checksum: d64db895

Time (s): cpu = 00:00:00 ; elapsed = 00:00:00.01 . Memory (MB): peak = 2778.688 ; gain = 0.000 ; free physical = 20613 ; free virtual = 29421

Starting Netlist Obfuscation Task
Netlist sorting complete. Time (s): cpu = 00:00:00 ; elapsed = 00:00:00 . Memory (MB): peak = 2778.688 ; gain = 0.000 ; free physical = 20613 ; free virtual = 29421
Ending Netlist Obfuscation Task | Checksum: d64db895

Time (s): cpu = 00:00:00 ; elapsed = 00:00:00 . Memory (MB): peak = 2778.688 ; gain = 0.000 ; free physical = 20613 ; free virtual = 29421
INFO: [Common 17-83] Releasing license: Implementation
25 Infos, 0 Warnings, 0 Critical Warnings and 0 Errors encountered.
opt_design completed successfully
opt_design: Time (s): cpu = 00:00:13 ; elapsed = 00:00:12 . Memory (MB): peak = 2778.688 ; gain = 978.270 ; free physical = 20613 ; free virtual = 29421
INFO: [Vivado 12-24828] Executing command : report_drc -file hamming_logic_encoder_drc_opted.rpt -pb hamming_logic_encoder_drc_opted.pb -rpx hamming_logic_encoder_drc_opted.rpx
Command: report_drc -file hamming_logic_encoder_drc_opted.rpt -pb hamming_logic_encoder_drc_opted.pb -rpx hamming_logic_encoder_drc_opted.rpx
INFO: [IP_Flow 19-234] Refreshing IP repositories
INFO: [IP_Flow 19-1704] No user IP repositories specified
INFO: [IP_Flow 19-2313] Loaded Vivado IP repository '/home/minami/tools/xilinx/2025.1/Vivado/data/ip'.
INFO: [DRC 23-27] Running DRC with 8 threads
INFO: [Vivado_Tcl 2-168] The results of DRC are in file /home/minami/Coding_IPDesign/IP_lecture/hamming_logic/hamming_logic_proj/hamming_logic_proj.runs/impl_1/hamming_logic_encoder_drc_opted.rpt.
report_drc completed successfully
Write ShapeDB Complete: Time (s): cpu = 00:00:00.01 ; elapsed = 00:00:00 . Memory (MB): peak = 2808.648 ; gain = 0.000 ; free physical = 20595 ; free virtual = 29403
INFO: [Common 17-1381] The checkpoint '/home/minami/Coding_IPDesign/IP_lecture/hamming_logic/hamming_logic_proj/hamming_logic_proj.runs/impl_1/hamming_logic_encoder_opt.dcp' has been generated.
Command: place_design
Attempting to get a license for feature 'Implementation' and/or device 'xc7z010i'
INFO: [Common 17-349] Got license for feature 'Implementation' and/or device 'xc7z010i'
INFO: [Common 17-83] Releasing license: Implementation
INFO: [DRC 23-27] Running DRC with 8 threads
INFO: [Vivado_Tcl 4-198] DRC finished with 0 Errors
INFO: [Vivado_Tcl 4-199] Please refer to the DRC report (report_drc) for more information.
Running DRC as a precondition to command place_design
INFO: [DRC 23-27] Running DRC with 8 threads
INFO: [Vivado_Tcl 4-198] DRC finished with 0 Errors
INFO: [Vivado_Tcl 4-199] Please refer to the DRC report (report_drc) for more information.
INFO: [Place 30-611] Multithreading enabled for place_design using a maximum of 8 CPUs

Starting Placer Task

Phase 1 Placer Initialization

Phase 1.1 Placer Initialization Netlist Sorting
Netlist sorting complete. Time (s): cpu = 00:00:00 ; elapsed = 00:00:00 . Memory (MB): peak = 2808.648 ; gain = 0.000 ; free physical = 20564 ; free virtual = 29371
Phase 1.1 Placer Initialization Netlist Sorting | Checksum: bb9e73c7

Time (s): cpu = 00:00:00.01 ; elapsed = 00:00:00 . Memory (MB): peak = 2808.648 ; gain = 0.000 ; free physical = 20564 ; free virtual = 29371
Netlist sorting complete. Time (s): cpu = 00:00:00 ; elapsed = 00:00:00 . Memory (MB): peak = 2808.648 ; gain = 0.000 ; free physical = 20564 ; free virtual = 29371

Phase 1.2 IO Placement/ Clock Placement/ Build Placer Device
INFO: [Timing 38-35] Done setting XDC timing constraints.
Phase 1.2 IO Placement/ Clock Placement/ Build Placer Device | Checksum: 110ad1272

Time (s): cpu = 00:00:00.42 ; elapsed = 00:00:00.13 . Memory (MB): peak = 2808.648 ; gain = 0.000 ; free physical = 20555 ; free virtual = 29362

Phase 1.3 Build Placer Netlist Model
Phase 1.3 Build Placer Netlist Model | Checksum: 208d5b3f4

Time (s): cpu = 00:00:00.5 ; elapsed = 00:00:00.15 . Memory (MB): peak = 2808.648 ; gain = 0.000 ; free physical = 20555 ; free virtual = 29362

Phase 1.4 Constrain Clocks/Macros
Phase 1.4 Constrain Clocks/Macros | Checksum: 208d5b3f4

Time (s): cpu = 00:00:00.51 ; elapsed = 00:00:00.16 . Memory (MB): peak = 2808.648 ; gain = 0.000 ; free physical = 20555 ; free virtual = 29362
Phase 1 Placer Initialization | Checksum: 208d5b3f4

Time (s): cpu = 00:00:00.51 ; elapsed = 00:00:00.16 . Memory (MB): peak = 2808.648 ; gain = 0.000 ; free physical = 20555 ; free virtual = 29362

Phase 2 Global Placement

Phase 2.1 Floorplanning
Phase 2.1 Floorplanning | Checksum: 208d5b3f4

Time (s): cpu = 00:00:00.52 ; elapsed = 00:00:00.17 . Memory (MB): peak = 2808.648 ; gain = 0.000 ; free physical = 20555 ; free virtual = 29362

Phase 2.2 Update Timing before SLR Path Opt
Phase 2.2 Update Timing before SLR Path Opt | Checksum: 208d5b3f4

Time (s): cpu = 00:00:00.52 ; elapsed = 00:00:00.17 . Memory (MB): peak = 2808.648 ; gain = 0.000 ; free physical = 20555 ; free virtual = 29362

Phase 2.3 Post-Processing in Floorplanning
Phase 2.3 Post-Processing in Floorplanning | Checksum: 208d5b3f4

Time (s): cpu = 00:00:00.52 ; elapsed = 00:00:00.17 . Memory (MB): peak = 2808.648 ; gain = 0.000 ; free physical = 20555 ; free virtual = 29362

Phase 2.4 Global Place Phase1
Phase 2.4 Global Place Phase1 | Checksum: 193336c86

Time (s): cpu = 00:00:01 ; elapsed = 00:00:00.4 . Memory (MB): peak = 2832.660 ; gain = 24.012 ; free physical = 20615 ; free virtual = 29423

Phase 2.5 Global Place Phase2
WARNING: [Place 46-29] Timing had been disabled during Placer and, therefore, physical synthesis in Placer will be skipped.
Phase 2.5 Global Place Phase2 | Checksum: 1fe6f5ff0

Time (s): cpu = 00:00:02 ; elapsed = 00:00:00.45 . Memory (MB): peak = 2832.660 ; gain = 24.012 ; free physical = 20614 ; free virtual = 29421
Phase 2 Global Placement | Checksum: 1fe6f5ff0

Time (s): cpu = 00:00:02 ; elapsed = 00:00:00.45 . Memory (MB): peak = 2832.660 ; gain = 24.012 ; free physical = 20614 ; free virtual = 29421

Phase 3 Detail Placement

Phase 3.1 Commit Multi Column Macros
Phase 3.1 Commit Multi Column Macros | Checksum: 1fe6f5ff0

Time (s): cpu = 00:00:02 ; elapsed = 00:00:00.46 . Memory (MB): peak = 2832.660 ; gain = 24.012 ; free physical = 20614 ; free virtual = 29421

Phase 3.2 Commit Most Macros & LUTRAMs
Phase 3.2 Commit Most Macros & LUTRAMs | Checksum: 200c81bcf

Time (s): cpu = 00:00:02 ; elapsed = 00:00:00.46 . Memory (MB): peak = 2832.660 ; gain = 24.012 ; free physical = 20614 ; free virtual = 29421

Phase 3.3 Area Swap Optimization
Phase 3.3 Area Swap Optimization | Checksum: 1f65ed006

Time (s): cpu = 00:00:02 ; elapsed = 00:00:00.47 . Memory (MB): peak = 2832.660 ; gain = 24.012 ; free physical = 20614 ; free virtual = 29421

Phase 3.4 Pipeline Register Optimization
Phase 3.4 Pipeline Register Optimization | Checksum: 1f65ed006

Time (s): cpu = 00:00:02 ; elapsed = 00:00:00.47 . Memory (MB): peak = 2832.660 ; gain = 24.012 ; free physical = 20614 ; free virtual = 29421

Phase 3.5 Small Shape Detail Placement
Phase 3.5 Small Shape Detail Placement | Checksum: 19bf2ac49

Time (s): cpu = 00:00:02 ; elapsed = 00:00:00.55 . Memory (MB): peak = 2832.660 ; gain = 24.012 ; free physical = 20613 ; free virtual = 29420

Phase 3.6 Re-assign LUT pins
Phase 3.6 Re-assign LUT pins | Checksum: 19bf2ac49

Time (s): cpu = 00:00:02 ; elapsed = 00:00:00.56 . Memory (MB): peak = 2832.660 ; gain = 24.012 ; free physical = 20613 ; free virtual = 29420

Phase 3.7 Pipeline Register Optimization
Phase 3.7 Pipeline Register Optimization | Checksum: 19bf2ac49

Time (s): cpu = 00:00:02 ; elapsed = 00:00:00.56 . Memory (MB): peak = 2832.660 ; gain = 24.012 ; free physical = 20613 ; free virtual = 29420
Phase 3 Detail Placement | Checksum: 19bf2ac49

Time (s): cpu = 00:00:02 ; elapsed = 00:00:00.56 . Memory (MB): peak = 2832.660 ; gain = 24.012 ; free physical = 20613 ; free virtual = 29420

Phase 4 Post Placement Optimization and Clean-Up

Phase 4.1 Post Commit Optimization
Phase 4.1 Post Commit Optimization | Checksum: 19bf2ac49

Time (s): cpu = 00:00:02 ; elapsed = 00:00:00.58 . Memory (MB): peak = 2832.660 ; gain = 24.012 ; free physical = 20613 ; free virtual = 29420

Phase 4.2 Post Placement Cleanup
Phase 4.2 Post Placement Cleanup | Checksum: 19bf2ac49

Time (s): cpu = 00:00:02 ; elapsed = 00:00:00.59 . Memory (MB): peak = 2832.660 ; gain = 24.012 ; free physical = 20613 ; free virtual = 29420

Phase 4.3 Placer Reporting

Phase 4.3.1 Print Estimated Congestion
INFO: [Place 30-612] Post-Placement Estimated Congestion 
 ____________________________________________________
|           | Global Congestion | Short Congestion  |
| Direction | Region Size       | Region Size       |
|___________|___________________|___________________|
|      North|                1x1|                1x1|
|___________|___________________|___________________|
|      South|                1x1|                1x1|
|___________|___________________|___________________|
|       East|                1x1|                1x1|
|___________|___________________|___________________|
|       West|                1x1|                1x1|
|___________|___________________|___________________|

Phase 4.3.1 Print Estimated Congestion | Checksum: 19bf2ac49

Time (s): cpu = 00:00:02 ; elapsed = 00:00:00.59 . Memory (MB): peak = 2832.660 ; gain = 24.012 ; free physical = 20613 ; free virtual = 29420
Phase 4.3 Placer Reporting | Checksum: 19bf2ac49

Time (s): cpu = 00:00:02 ; elapsed = 00:00:00.59 . Memory (MB): peak = 2832.660 ; gain = 24.012 ; free physical = 20613 ; free virtual = 29420

Phase 4.4 Final Placement Cleanup
Netlist sorting complete. Time (s): cpu = 00:00:00 ; elapsed = 00:00:00 . Memory (MB): peak = 2832.660 ; gain = 0.000 ; free physical = 20613 ; free virtual = 29420

Time (s): cpu = 00:00:02 ; elapsed = 00:00:00.6 . Memory (MB): peak = 2832.660 ; gain = 24.012 ; free physical = 20613 ; free virtual = 29420
Phase 4 Post Placement Optimization and Clean-Up | Checksum: 1966e4e50

Time (s): cpu = 00:00:02 ; elapsed = 00:00:00.6 . Memory (MB): peak = 2832.660 ; gain = 24.012 ; free physical = 20613 ; free virtual = 29420
Ending Placer Task | Checksum: c5be78de

Time (s): cpu = 00:00:02 ; elapsed = 00:00:00.6 . Memory (MB): peak = 2832.660 ; gain = 24.012 ; free physical = 20613 ; free virtual = 29420
43 Infos, 1 Warnings, 0 Critical Warnings and 0 Errors encountered.
place_design completed successfully
INFO: [Vivado 12-24838] Running report commands "report_control_sets, report_io, report_utilization" in parallel.
Running report generation with 3 threads.
INFO: [Vivado 12-24828] Executing command : report_control_sets -verbose -file hamming_logic_encoder_control_sets_placed.rpt
report_control_sets: Time (s): cpu = 00:00:00.04 ; elapsed = 00:00:00.07 . Memory (MB): peak = 2832.660 ; gain = 0.000 ; free physical = 20597 ; free virtual = 29405
INFO: [Vivado 12-24828] Executing command : report_utilization -file hamming_logic_encoder_utilization_placed.rpt -pb hamming_logic_encoder_utilization_placed.pb
INFO: [Vivado 12-24828] Executing command : report_io -file hamming_logic_encoder_io_placed.rpt
report_io: Time (s): cpu = 00:00:00.18 ; elapsed = 00:00:00.22 . Memory (MB): peak = 2832.660 ; gain = 0.000 ; free physical = 20580 ; free virtual = 29388
Write ShapeDB Complete: Time (s): cpu = 00:00:00 ; elapsed = 00:00:00 . Memory (MB): peak = 2832.660 ; gain = 0.000 ; free physical = 20580 ; free virtual = 29387
Wrote PlaceDB: Time (s): cpu = 00:00:00.02 ; elapsed = 00:00:00.01 . Memory (MB): peak = 2832.660 ; gain = 0.000 ; free physical = 20580 ; free virtual = 29387
Wrote PulsedLatchDB: Time (s): cpu = 00:00:00 ; elapsed = 00:00:00 . Memory (MB): peak = 2832.660 ; gain = 0.000 ; free physical = 20580 ; free virtual = 29387
Writing XDEF routing.
Writing XDEF routing logical nets.
Writing XDEF routing special nets.
Wrote RouteStorage: Time (s): cpu = 00:00:00.09 ; elapsed = 00:00:00.1 . Memory (MB): peak = 2832.660 ; gain = 0.000 ; free physical = 20579 ; free virtual = 29387
Wrote Netlist Cache: Time (s): cpu = 00:00:00 ; elapsed = 00:00:00 . Memory (MB): peak = 2832.660 ; gain = 0.000 ; free physical = 20579 ; free virtual = 29387
Wrote Device Cache: Time (s): cpu = 00:00:00.01 ; elapsed = 00:00:00.01 . Memory (MB): peak = 2832.660 ; gain = 0.000 ; free physical = 20579 ; free virtual = 29388
Write Physdb Complete: Time (s): cpu = 00:00:00.12 ; elapsed = 00:00:00.12 . Memory (MB): peak = 2832.660 ; gain = 0.000 ; free physical = 20579 ; free virtual = 29388
INFO: [Common 17-1381] The checkpoint '/home/minami/Coding_IPDesign/IP_lecture/hamming_logic/hamming_logic_proj/hamming_logic_proj.runs/impl_1/hamming_logic_encoder_placed.dcp' has been generated.
Command: phys_opt_design
Attempting to get a license for feature 'Implementation' and/or device 'xc7z010i'
INFO: [Common 17-349] Got license for feature 'Implementation' and/or device 'xc7z010i'

Starting Initial Update Timing Task

Time (s): cpu = 00:00:00.02 ; elapsed = 00:00:00.02 . Memory (MB): peak = 2832.660 ; gain = 0.000 ; free physical = 20575 ; free virtual = 29383
INFO: [Vivado_Tcl 4-235] No timing constraint found. The netlist was not modified.
INFO: [Common 17-83] Releasing license: Implementation
51 Infos, 1 Warnings, 0 Critical Warnings and 0 Errors encountered.
phys_opt_design completed successfully
Write ShapeDB Complete: Time (s): cpu = 00:00:00 ; elapsed = 00:00:00 . Memory (MB): peak = 2832.660 ; gain = 0.000 ; free physical = 20575 ; free virtual = 29383
Wrote PlaceDB: Time (s): cpu = 00:00:00.02 ; elapsed = 00:00:00.01 . Memory (MB): peak = 2832.660 ; gain = 0.000 ; free physical = 20575 ; free virtual = 29383
Wrote PulsedLatchDB: Time (s): cpu = 00:00:00 ; elapsed = 00:00:00 . Memory (MB): peak = 2832.660 ; gain = 0.000 ; free physical = 20575 ; free virtual = 29383
Writing XDEF routing.
Writing XDEF routing logical nets.
Writing XDEF routing special nets.
Wrote RouteStorage: Time (s): cpu = 00:00:00.02 ; elapsed = 00:00:00.02 . Memory (MB): peak = 2832.660 ; gain = 0.000 ; free physical = 20574 ; free virtual = 29383
Wrote Netlist Cache: Time (s): cpu = 00:00:00.01 ; elapsed = 00:00:00 . Memory (MB): peak = 2832.660 ; gain = 0.000 ; free physical = 20574 ; free virtual = 29383
Wrote Device Cache: Time (s): cpu = 00:00:00.01 ; elapsed = 00:00:00.01 . Memory (MB): peak = 2832.660 ; gain = 0.000 ; free physical = 20574 ; free virtual = 29383
Write Physdb Complete: Time (s): cpu = 00:00:00.06 ; elapsed = 00:00:00.05 . Memory (MB): peak = 2832.660 ; gain = 0.000 ; free physical = 20574 ; free virtual = 29383
INFO: [Common 17-1381] The checkpoint '/home/minami/Coding_IPDesign/IP_lecture/hamming_logic/hamming_logic_proj/hamming_logic_proj.runs/impl_1/hamming_logic_encoder_physopt.dcp' has been generated.
Command: route_design
Attempting to get a license for feature 'Implementation' and/or device 'xc7z010i'
INFO: [Common 17-349] Got license for feature 'Implementation' and/or device 'xc7z010i'


Starting Routing Task
INFO: [Route 35-254] Multithreading enabled for route_design using a maximum of 8 CPUs

Phase 1 Build RT Design
Checksum: PlaceDB: 4ea8a4a0 ConstDB: 0 ShapeSum: d7d7d13 RouteDB: 6998572b
Post Restoration Checksum: NetGraph: 82b4e2b0 | NumContArr: e5908a65 | Constraints: c2a8fa9d | Timing: c2a8fa9d
Phase 1 Build RT Design | Checksum: 2ed97624f

Time (s): cpu = 00:00:14 ; elapsed = 00:00:13 . Memory (MB): peak = 2850.652 ; gain = 17.992 ; free physical = 20504 ; free virtual = 29312

Phase 2 Router Initialization
INFO: [Route 35-64] No timing constraints were detected. The router will operate in resource-optimization mode.

Phase 2.1 Fix Topology Constraints
Phase 2.1 Fix Topology Constraints | Checksum: 2ed97624f

Time (s): cpu = 00:00:14 ; elapsed = 00:00:13 . Memory (MB): peak = 2880.652 ; gain = 47.992 ; free physical = 20473 ; free virtual = 29281

Phase 2.2 Pre Route Cleanup
Phase 2.2 Pre Route Cleanup | Checksum: 2ed97624f

Time (s): cpu = 00:00:14 ; elapsed = 00:00:13 . Memory (MB): peak = 2880.652 ; gain = 47.992 ; free physical = 20473 ; free virtual = 29281
 Number of Nodes with overlaps = 0

Router Utilization Summary
  Global Vertical Routing Utilization    = 0 %
  Global Horizontal Routing Utilization  = 0 %
  Routable Net Status*
  *Does not include unroutable nets such as driverless and loadless.
  Run report_route_status for detailed report.
  Number of Failed Nets               = 72
    (Failed Nets is the sum of unrouted and partially routed nets)
  Number of Unrouted Nets             = 72
  Number of Partially Routed Nets     = 0
  Number of Node Overlaps             = 0

Phase 2 Router Initialization | Checksum: 23553c6d4

Time (s): cpu = 00:00:15 ; elapsed = 00:00:13 . Memory (MB): peak = 2894.652 ; gain = 61.992 ; free physical = 20457 ; free virtual = 29265

Phase 3 Global Routing
Phase 3 Global Routing | Checksum: 23553c6d4

Time (s): cpu = 00:00:15 ; elapsed = 00:00:13 . Memory (MB): peak = 2894.652 ; gain = 61.992 ; free physical = 20457 ; free virtual = 29265

Phase 4 Initial Routing

Phase 4.1 Initial Net Routing Pass
Phase 4.1 Initial Net Routing Pass | Checksum: 2c4ed523c

Time (s): cpu = 00:00:15 ; elapsed = 00:00:13 . Memory (MB): peak = 2894.652 ; gain = 61.992 ; free physical = 20457 ; free virtual = 29265
Phase 4 Initial Routing | Checksum: 2c4ed523c

Time (s): cpu = 00:00:15 ; elapsed = 00:00:13 . Memory (MB): peak = 2894.652 ; gain = 61.992 ; free physical = 20457 ; free virtual = 29265

Phase 5 Rip-up And Reroute

Phase 5.1 Global Iteration 0
 Number of Nodes with overlaps = 1
 Number of Nodes with overlaps = 0
Phase 5.1 Global Iteration 0 | Checksum: 2694c858f

Time (s): cpu = 00:00:15 ; elapsed = 00:00:13 . Memory (MB): peak = 2894.652 ; gain = 61.992 ; free physical = 20457 ; free virtual = 29265
Phase 5 Rip-up And Reroute | Checksum: 2694c858f

Time (s): cpu = 00:00:15 ; elapsed = 00:00:13 . Memory (MB): peak = 2894.652 ; gain = 61.992 ; free physical = 20457 ; free virtual = 29265

Phase 6 Delay and Skew Optimization
Phase 6 Delay and Skew Optimization | Checksum: 2694c858f

Time (s): cpu = 00:00:15 ; elapsed = 00:00:13 . Memory (MB): peak = 2894.652 ; gain = 61.992 ; free physical = 20457 ; free virtual = 29265

Phase 7 Post Hold Fix

Phase 7.1 Hold Fix Iter
Phase 7.1 Hold Fix Iter | Checksum: 2694c858f

Time (s): cpu = 00:00:15 ; elapsed = 00:00:13 . Memory (MB): peak = 2894.652 ; gain = 61.992 ; free physical = 20457 ; free virtual = 29265
Phase 7 Post Hold Fix | Checksum: 2694c858f

Time (s): cpu = 00:00:15 ; elapsed = 00:00:13 . Memory (MB): peak = 2894.652 ; gain = 61.992 ; free physical = 20457 ; free virtual = 29265

Phase 8 Route finalize

Router Utilization Summary
  Global Vertical Routing Utilization    = 0.0698198 %
  Global Horizontal Routing Utilization  = 0.0372243 %
  Routable Net Status*
  *Does not include unroutable nets such as driverless and loadless.
  Run report_route_status for detailed report.
  Number of Failed Nets               = 0
    (Failed Nets is the sum of unrouted and partially routed nets)
  Number of Unrouted Nets             = 0
  Number of Partially Routed Nets     = 0
  Number of Node Overlaps             = 0


--GLOBAL Congestion:
Utilization threshold used for congestion level computation: 0.85
Congestion Report
North Dir 1x1 Area, Max Cong = 5.40541%, No Congested Regions.
South Dir 1x1 Area, Max Cong = 35.1351%, No Congested Regions.
East Dir 1x1 Area, Max Cong = 17.6471%, No Congested Regions.
West Dir 1x1 Area, Max Cong = 8.82353%, No Congested Regions.

------------------------------
Reporting congestion hotspots
------------------------------
Direction: North
----------------
Congested clusters found at Level 0
Effective congestion level: 0 Aspect Ratio: 1 Sparse Ratio: 0
Direction: South
----------------
Congested clusters found at Level 0
Effective congestion level: 0 Aspect Ratio: 1 Sparse Ratio: 0
Direction: East
----------------
Congested clusters found at Level 0
Effective congestion level: 0 Aspect Ratio: 1 Sparse Ratio: 0
Direction: West
----------------
Congested clusters found at Level 0
Effective congestion level: 0 Aspect Ratio: 1 Sparse Ratio: 0

Phase 8 Route finalize | Checksum: 2694c858f

Time (s): cpu = 00:00:15 ; elapsed = 00:00:13 . Memory (MB): peak = 2894.652 ; gain = 61.992 ; free physical = 20457 ; free virtual = 29265

Phase 9 Verifying routed nets

 Verification completed successfully
Phase 9 Verifying routed nets | Checksum: 2694c858f

Time (s): cpu = 00:00:15 ; elapsed = 00:00:13 . Memory (MB): peak = 2894.652 ; gain = 61.992 ; free physical = 20457 ; free virtual = 29265

Phase 10 Depositing Routes
Phase 10 Depositing Routes | Checksum: 227912541

Time (s): cpu = 00:00:15 ; elapsed = 00:00:13 . Memory (MB): peak = 2894.652 ; gain = 61.992 ; free physical = 20457 ; free virtual = 29265

Phase 11 Post Process Routing
Phase 11 Post Process Routing | Checksum: 227912541

Time (s): cpu = 00:00:15 ; elapsed = 00:00:13 . Memory (MB): peak = 2894.652 ; gain = 61.992 ; free physical = 20457 ; free virtual = 29265
Total Elapsed time in route_design: 13.16 secs

Phase 12 Post-Route Event Processing
Phase 12 Post-Route Event Processing | Checksum: cb191c3f

Time (s): cpu = 00:00:15 ; elapsed = 00:00:13 . Memory (MB): peak = 2894.652 ; gain = 61.992 ; free physical = 20457 ; free virtual = 29265
INFO: [Route 35-16] Router Completed Successfully
Ending Routing Task | Checksum: cb191c3f

Time (s): cpu = 00:00:15 ; elapsed = 00:00:13 . Memory (MB): peak = 2894.652 ; gain = 61.992 ; free physical = 20457 ; free virtual = 29265

Routing Is Done.
INFO: [Common 17-83] Releasing license: Implementation
57 Infos, 1 Warnings, 0 Critical Warnings and 0 Errors encountered.
route_design completed successfully
route_design: Time (s): cpu = 00:00:15 ; elapsed = 00:00:13 . Memory (MB): peak = 2894.652 ; gain = 61.992 ; free physical = 20457 ; free virtual = 29265
INFO: [Vivado 12-24828] Executing command : report_drc -file hamming_logic_encoder_drc_routed.rpt -pb hamming_logic_encoder_drc_routed.pb -rpx hamming_logic_encoder_drc_routed.rpx
Command: report_drc -file hamming_logic_encoder_drc_routed.rpt -pb hamming_logic_encoder_drc_routed.pb -rpx hamming_logic_encoder_drc_routed.rpx
INFO: [IP_Flow 19-1839] IP Catalog is up to date.
INFO: [DRC 23-27] Running DRC with 8 threads
INFO: [Vivado_Tcl 2-168] The results of DRC are in file /home/minami/Coding_IPDesign/IP_lecture/hamming_logic/hamming_logic_proj/hamming_logic_proj.runs/impl_1/hamming_logic_encoder_drc_routed.rpt.
report_drc completed successfully
INFO: [Vivado 12-24828] Executing command : report_methodology -file hamming_logic_encoder_methodology_drc_routed.rpt -pb hamming_logic_encoder_methodology_drc_routed.pb -rpx hamming_logic_encoder_methodology_drc_routed.rpx
Command: report_methodology -file hamming_logic_encoder_methodology_drc_routed.rpt -pb hamming_logic_encoder_methodology_drc_routed.pb -rpx hamming_logic_encoder_methodology_drc_routed.rpx
INFO: [Timing 38-35] Done setting XDC timing constraints.
INFO: [DRC 23-133] Running Methodology with 8 threads
INFO: [Vivado_Tcl 2-1520] The results of Report Methodology are in file /home/minami/Coding_IPDesign/IP_lecture/hamming_logic/hamming_logic_proj/hamming_logic_proj.runs/impl_1/hamming_logic_encoder_methodology_drc_routed.rpt.
report_methodology completed successfully
INFO: [Vivado 12-24828] Executing command : report_timing_summary -max_paths 10 -routable_nets -report_unconstrained -file hamming_logic_encoder_timing_summary_routed.rpt -pb hamming_logic_encoder_timing_summary_routed.pb -rpx hamming_logic_encoder_timing_summary_routed.rpx -warn_on_violation 
INFO: [Timing 38-35] Done setting XDC timing constraints.
INFO: [Timing 38-91] UpdateTimingParams: Speed grade: -1L, Delay Type: min_max.
INFO: [Timing 38-191] Multithreading enabled for timing update using a maximum of 8 CPUs
WARNING: [Timing 38-313] There are no user specified timing constraints. Timing constraints are needed for proper timing analysis.
INFO: [Vivado 12-24838] Running report commands "report_bus_skew, report_incremental_reuse, report_route_status" in parallel.
Running report generation with 3 threads.
INFO: [Vivado 12-24828] Executing command : report_route_status -file hamming_logic_encoder_route_status.rpt -pb hamming_logic_encoder_route_status.pb
INFO: [Vivado 12-24828] Executing command : report_incremental_reuse -file hamming_logic_encoder_incremental_reuse_routed.rpt
INFO: [Vivado_Tcl 4-1062] Incremental flow is disabled. No incremental reuse Info to report.
INFO: [Vivado 12-24828] Executing command : report_bus_skew -warn_on_violation -file hamming_logic_encoder_bus_skew_routed.rpt -pb hamming_logic_encoder_bus_skew_routed.pb -rpx hamming_logic_encoder_bus_skew_routed.rpx
INFO: [Timing 38-91] UpdateTimingParams: Speed grade: -1L, Delay Type: min_max.
INFO: [Timing 38-191] Multithreading enabled for timing update using a maximum of 8 CPUs
INFO: [Vivado 12-24828] Executing command : report_power -file hamming_logic_encoder_power_routed.rpt -pb hamming_logic_encoder_power_summary_routed.pb -rpx hamming_logic_encoder_power_routed.rpx
Command: report_power -file hamming_logic_encoder_power_routed.rpt -pb hamming_logic_encoder_power_summary_routed.pb -rpx hamming_logic_encoder_power_routed.rpx
WARNING: [Power 33-232] No user defined clocks were found in the design! Power estimation will be inaccurate until this is corrected.
Resolution: Please specify clocks using create_clock/create_generated_clock for sequential elements. For pure combinatorial circuits, please specify a virtual clock, otherwise the vectorless estimation might be inaccurate
Running Vector-less Activity Propagation...

Finished Running Vector-less Activity Propagation
77 Infos, 3 Warnings, 0 Critical Warnings and 0 Errors encountered.
report_power completed successfully
INFO: [Vivado 12-24828] Executing command : report_clock_utilization -file hamming_logic_encoder_clock_utilization_routed.rpt
generate_parallel_reports: Time (s): cpu = 00:00:24 ; elapsed = 00:00:08 . Memory (MB): peak = 3062.238 ; gain = 167.586 ; free physical = 20325 ; free virtual = 29134
Write ShapeDB Complete: Time (s): cpu = 00:00:00 ; elapsed = 00:00:00.01 . Memory (MB): peak = 3062.238 ; gain = 0.000 ; free physical = 20325 ; free virtual = 29134
Wrote PlaceDB: Time (s): cpu = 00:00:00.02 ; elapsed = 00:00:00.01 . Memory (MB): peak = 3062.238 ; gain = 0.000 ; free physical = 20325 ; free virtual = 29134
Wrote PulsedLatchDB: Time (s): cpu = 00:00:00 ; elapsed = 00:00:00 . Memory (MB): peak = 3062.238 ; gain = 0.000 ; free physical = 20325 ; free virtual = 29134
Writing XDEF routing.
Writing XDEF routing logical nets.
Writing XDEF routing special nets.
Wrote RouteStorage: Time (s): cpu = 00:00:00.03 ; elapsed = 00:00:00.03 . Memory (MB): peak = 3062.238 ; gain = 0.000 ; free physical = 20325 ; free virtual = 29134
Wrote Netlist Cache: Time (s): cpu = 00:00:00 ; elapsed = 00:00:00 . Memory (MB): peak = 3062.238 ; gain = 0.000 ; free physical = 20325 ; free virtual = 29134
Wrote Device Cache: Time (s): cpu = 00:00:00.01 ; elapsed = 00:00:00.02 . Memory (MB): peak = 3062.238 ; gain = 0.000 ; free physical = 20325 ; free virtual = 29134
Write Physdb Complete: Time (s): cpu = 00:00:00.06 ; elapsed = 00:00:00.06 . Memory (MB): peak = 3062.238 ; gain = 0.000 ; free physical = 20325 ; free virtual = 29134
INFO: [Common 17-1381] The checkpoint '/home/minami/Coding_IPDesign/IP_lecture/hamming_logic/hamming_logic_proj/hamming_logic_proj.runs/impl_1/hamming_logic_encoder_routed.dcp' has been generated.
INFO: [Common 17-206] Exiting Vivado at Wed Mar 18 08:31:57 2026...
